This file contains any messages produced by compilers while
running configure, to aid debugging if configure makes a mistake.

It was created by configure, which was
generated by GNU Autoconf 2.68.  Invocation command line was

  $ ./configure 

## --------- ##
## Platform. ##
## --------- ##

hostname = scan2.nerd.host
uname -m = x86_64
uname -r = 3.16.0-4-amd64
uname -s = Linux
uname -v = #1 SMP Debian 3.16.7-ckt9-2 (2015-04-13)

/usr/bin/uname -p = unknown
/bin/uname -X     = unknown

/bin/arch              = unknown
/usr/bin/arch -k       = unknown
/usr/convex/getsysinfo = unknown
/usr/bin/hostinfo      = unknown
/bin/machine           = unknown
/usr/bin/oslevel       = unknown
/bin/universe          = unknown

PATH: /usr/local/sbin
PATH: /usr/local/bin
PATH: /usr/sbin
PATH: /usr/bin
PATH: /sbin
PATH: /bin


## ----------- ##
## Core tests. ##
## ----------- ##

configure:2425: checking build system type
configure:2439: result: x86_64-unknown-linux-gnu
configure:2459: checking host system type
configure:2472: result: x86_64-unknown-linux-gnu
configure:2614: checking for gcc
configure:2630: found /usr/bin/gcc
configure:2641: result: gcc
configure:2870: checking for C compiler version
configure:2879: gcc --version >&5
gcc (Debian 4.9.2-10) 4.9.2
Copyright (C) 2014 Free Software Foundation, Inc.
This is free software; see the source for copying conditions.  There is NO
warranty; not even for MERCHANTABILITY or FITNESS FOR A PARTICULAR PURPOSE.

configure:2890: $? = 0
configure:2879: gcc -v >&5
Using built-in specs.
COLLECT_GCC=gcc
COLLECT_LTO_WRAPPER=/usr/lib/gcc/x86_64-linux-gnu/4.9/lto-wrapper
Target: x86_64-linux-gnu
Configured with: ../src/configure -v --with-pkgversion='Debian 4.9.2-10' --with-bugurl=file:///usr/share/doc/gcc-4.9/README.Bugs --enable-languages=c,c++,java,go,d,fortran,objc,obj-c++ --prefix=/usr --program-suffix=-4.9 --enable-shared --enable-linker-build-id --libexecdir=/usr/lib --without-included-gettext --enable-threads=posix --with-gxx-include-dir=/usr/include/c++/4.9 --libdir=/usr/lib --enable-nls --with-sysroot=/ --enable-clocale=gnu --enable-libstdcxx-debug --enable-libstdcxx-time=yes --enable-gnu-unique-object --disable-vtable-verify --enable-plugin --with-system-zlib --disable-browser-plugin --enable-java-awt=gtk --enable-gtk-cairo --with-java-home=/usr/lib/jvm/java-1.5.0-gcj-4.9-amd64/jre --enable-java-home --with-jvm-root-dir=/usr/lib/jvm/java-1.5.0-gcj-4.9-amd64 --with-jvm-jar-dir=/usr/lib/jvm-exports/java-1.5.0-gcj-4.9-amd64 --with-arch-directory=amd64 --with-ecj-jar=/usr/share/java/eclipse-ecj.jar --enable-objc-gc --enable-multiarch --with-arch-32=i586 --with-abi=m64 --with-multilib-list=m32,m64,mx32 --enable-multilib --with-tune=generic --enable-checking=release --build=x86_64-linux-gnu --host=x86_64-linux-gnu --target=x86_64-linux-gnu
Thread model: posix
gcc version 4.9.2 (Debian 4.9.2-10) 
configure:2890: $? = 0
configure:2879: gcc -V >&5
gcc: error: unrecognized command line option '-V'
gcc: fatal error: no input files
compilation terminated.
configure:2890: $? = 4
configure:2879: gcc -qversion >&5
gcc: error: unrecognized command line option '-qversion'
gcc: fatal error: no input files
compilation terminated.
configure:2890: $? = 4
configure:2910: checking whether the C compiler works
configure:2932: gcc    conftest.c  >&5
configure:2936: $? = 0
configure:2984: result: yes
configure:2987: checking for C compiler default output file name
configure:2989: result: a.out
configure:2995: checking for suffix of executables
configure:3002: gcc -o conftest    conftest.c  >&5
configure:3006: $? = 0
configure:3028: result: 
configure:3050: checking whether we are cross compiling
configure:3058: gcc -o conftest    conftest.c  >&5
configure:3062: $? = 0
configure:3069: ./conftest
configure:3073: $? = 0
configure:3088: result: no
configure:3093: checking for suffix of object files
configure:3115: gcc -c   conftest.c >&5
configure:3119: $? = 0
configure:3140: result: o
configure:3144: checking whether we are using the GNU C compiler
configure:3163: gcc -c   conftest.c >&5
configure:3163: $? = 0
configure:3172: result: yes
configure:3181: checking whether gcc accepts -g
configure:3201: gcc -c -g  conftest.c >&5
configure:3201: $? = 0
configure:3242: result: yes
configure:3259: checking for gcc option to accept ISO C89
configure:3323: gcc  -c -g -O2  conftest.c >&5
configure:3323: $? = 0
configure:3336: result: none needed
configure:3365: checking gcc version
configure:3377: result: 4
configure:3548: checking for inline
configure:3584: gcc -c -O2  conftest.c >&5
configure:3584: $? = 0
configure:3599: result: inline
configure:3611: checking for __attribute__
configure:3637: gcc -c -g -O2  conftest.c >&5
configure:3637: $? = 0
configure:3653: result: yes
configure:3658: checking whether __attribute__((format)) can be applied to function pointers
configure:3679: gcc -c -g -O2  conftest.c >&5
configure:3679: $? = 0
configure:3692: result: yes
configure:3701: checking how to run the C preprocessor
configure:3732: gcc -E  conftest.c
configure:3732: $? = 0
configure:3746: gcc -E  conftest.c
conftest.c:12:28: fatal error: ac_nonexistent.h: No such file or directory
 #include <ac_nonexistent.h>
                            ^
compilation terminated.
configure:3746: $? = 1
configure: failed program was:
| /* confdefs.h */
| #define PACKAGE_NAME ""
| #define PACKAGE_TARNAME ""
| #define PACKAGE_VERSION ""
| #define PACKAGE_STRING ""
| #define PACKAGE_BUGREPORT ""
| #define PACKAGE_URL ""
| #define inline inline
| #define HAVE___ATTRIBUTE__ 1
| #define __ATTRIBUTE___FORMAT_OK_FOR_FUNCTION_POINTERS 1
| /* end confdefs.h.  */
| #include <ac_nonexistent.h>
configure:3771: result: gcc -E
configure:3791: gcc -E  conftest.c
configure:3791: $? = 0
configure:3805: gcc -E  conftest.c
conftest.c:12:28: fatal error: ac_nonexistent.h: No such file or directory
 #include <ac_nonexistent.h>
                            ^
compilation terminated.
configure:3805: $? = 1
configure: failed program was:
| /* confdefs.h */
| #define PACKAGE_NAME ""
| #define PACKAGE_TARNAME ""
| #define PACKAGE_VERSION ""
| #define PACKAGE_STRING ""
| #define PACKAGE_BUGREPORT ""
| #define PACKAGE_URL ""
| #define inline inline
| #define HAVE___ATTRIBUTE__ 1
| #define __ATTRIBUTE___FORMAT_OK_FOR_FUNCTION_POINTERS 1
| /* end confdefs.h.  */
| #include <ac_nonexistent.h>
configure:3834: checking for grep that handles long lines and -e
configure:3892: result: /bin/grep
configure:3897: checking for egrep
configure:3959: result: /bin/grep -E
configure:3964: checking for ANSI C header files
configure:3984: gcc -c -g -O2  conftest.c >&5
configure:3984: $? = 0
configure:4057: gcc -o conftest -g -O2   conftest.c  >&5
configure:4057: $? = 0
configure:4057: ./conftest
configure:4057: $? = 0
configure:4068: result: yes
configure:4081: checking for sys/types.h
configure:4081: gcc -c -g -O2  conftest.c >&5
configure:4081: $? = 0
configure:4081: result: yes
configure:4081: checking for sys/stat.h
configure:4081: gcc -c -g -O2  conftest.c >&5
configure:4081: $? = 0
configure:4081: result: yes
configure:4081: checking for stdlib.h
configure:4081: gcc -c -g -O2  conftest.c >&5
configure:4081: $? = 0
configure:4081: result: yes
configure:4081: checking for string.h
configure:4081: gcc -c -g -O2  conftest.c >&5
configure:4081: $? = 0
configure:4081: result: yes
configure:4081: checking for memory.h
configure:4081: gcc -c -g -O2  conftest.c >&5
configure:4081: $? = 0
configure:4081: result: yes
configure:4081: checking for strings.h
configure:4081: gcc -c -g -O2  conftest.c >&5
configure:4081: $? = 0
configure:4081: result: yes
configure:4081: checking for inttypes.h
configure:4081: gcc -c -g -O2  conftest.c >&5
configure:4081: $? = 0
configure:4081: result: yes
configure:4081: checking for stdint.h
configure:4081: gcc -c -g -O2  conftest.c >&5
configure:4081: $? = 0
configure:4081: result: yes
configure:4081: checking for unistd.h
configure:4081: gcc -c -g -O2  conftest.c >&5
configure:4081: $? = 0
configure:4081: result: yes
configure:4096: checking fcntl.h usability
configure:4096: gcc -c -g -O2  conftest.c >&5
configure:4096: $? = 0
configure:4096: result: yes
configure:4096: checking fcntl.h presence
configure:4096: gcc -E  conftest.c
configure:4096: $? = 0
configure:4096: result: yes
configure:4096: checking for fcntl.h
configure:4096: result: yes
configure:4096: checking rpc/rpcent.h usability
configure:4096: gcc -c -g -O2  conftest.c >&5
conftest.c:56:24: fatal error: rpc/rpcent.h: No such file or directory
 #include <rpc/rpcent.h>
                        ^
compilation terminated.
configure:4096: $? = 1
configure: failed program was:
| /* confdefs.h */
| #define PACKAGE_NAME ""
| #define PACKAGE_TARNAME ""
| #define PACKAGE_VERSION ""
| #define PACKAGE_STRING ""
| #define PACKAGE_BUGREPORT ""
| #define PACKAGE_URL ""
| #define inline inline
| #define HAVE___ATTRIBUTE__ 1
| #define __ATTRIBUTE___FORMAT_OK_FOR_FUNCTION_POINTERS 1
| #define STDC_HEADERS 1
| #define HAVE_SYS_TYPES_H 1
| #define HAVE_SYS_STAT_H 1
| #define HAVE_STDLIB_H 1
| #define HAVE_STRING_H 1
| #define HAVE_MEMORY_H 1
| #define HAVE_STRINGS_H 1
| #define HAVE_INTTYPES_H 1
| #define HAVE_STDINT_H 1
| #define HAVE_UNISTD_H 1
| #define HAVE_FCNTL_H 1
| /* end confdefs.h.  */
| #include <stdio.h>
| #ifdef HAVE_SYS_TYPES_H
| # include <sys/types.h>
| #endif
| #ifdef HAVE_SYS_STAT_H
| # include <sys/stat.h>
| #endif
| #ifdef STDC_HEADERS
| # include <stdlib.h>
| # include <stddef.h>
| #else
| # ifdef HAVE_STDLIB_H
| #  include <stdlib.h>
| # endif
| #endif
| #ifdef HAVE_STRING_H
| # if !defined STDC_HEADERS && defined HAVE_MEMORY_H
| #  include <memory.h>
| # endif
| # include <string.h>
| #endif
| #ifdef HAVE_STRINGS_H
| # include <strings.h>
| #endif
| #ifdef HAVE_INTTYPES_H
| # include <inttypes.h>
| #endif
| #ifdef HAVE_STDINT_H
| # include <stdint.h>
| #endif
| #ifdef HAVE_UNISTD_H
| # include <unistd.h>
| #endif
| #include <rpc/rpcent.h>
configure:4096: result: no
configure:4096: checking rpc/rpcent.h presence
configure:4096: gcc -E  conftest.c
conftest.c:23:24: fatal error: rpc/rpcent.h: No such file or directory
 #include <rpc/rpcent.h>
                        ^
compilation terminated.
configure:4096: $? = 1
configure: failed program was:
| /* confdefs.h */
| #define PACKAGE_NAME ""
| #define PACKAGE_TARNAME ""
| #define PACKAGE_VERSION ""
| #define PACKAGE_STRING ""
| #define PACKAGE_BUGREPORT ""
| #define PACKAGE_URL ""
| #define inline inline
| #define HAVE___ATTRIBUTE__ 1
| #define __ATTRIBUTE___FORMAT_OK_FOR_FUNCTION_POINTERS 1
| #define STDC_HEADERS 1
| #define HAVE_SYS_TYPES_H 1
| #define HAVE_SYS_STAT_H 1
| #define HAVE_STDLIB_H 1
| #define HAVE_STRING_H 1
| #define HAVE_MEMORY_H 1
| #define HAVE_STRINGS_H 1
| #define HAVE_INTTYPES_H 1
| #define HAVE_STDINT_H 1
| #define HAVE_UNISTD_H 1
| #define HAVE_FCNTL_H 1
| /* end confdefs.h.  */
| #include <rpc/rpcent.h>
configure:4096: result: no
configure:4096: checking for rpc/rpcent.h
configure:4096: result: no
configure:4096: checking netdnet/dnetdb.h usability
configure:4096: gcc -c -g -O2  conftest.c >&5
conftest.c:56:28: fatal error: netdnet/dnetdb.h: No such file or directory
 #include <netdnet/dnetdb.h>
                            ^
compilation terminated.
configure:4096: $? = 1
configure: failed program was:
| /* confdefs.h */
| #define PACKAGE_NAME ""
| #define PACKAGE_TARNAME ""
| #define PACKAGE_VERSION ""
| #define PACKAGE_STRING ""
| #define PACKAGE_BUGREPORT ""
| #define PACKAGE_URL ""
| #define inline inline
| #define HAVE___ATTRIBUTE__ 1
| #define __ATTRIBUTE___FORMAT_OK_FOR_FUNCTION_POINTERS 1
| #define STDC_HEADERS 1
| #define HAVE_SYS_TYPES_H 1
| #define HAVE_SYS_STAT_H 1
| #define HAVE_STDLIB_H 1
| #define HAVE_STRING_H 1
| #define HAVE_MEMORY_H 1
| #define HAVE_STRINGS_H 1
| #define HAVE_INTTYPES_H 1
| #define HAVE_STDINT_H 1
| #define HAVE_UNISTD_H 1
| #define HAVE_FCNTL_H 1
| /* end confdefs.h.  */
| #include <stdio.h>
| #ifdef HAVE_SYS_TYPES_H
| # include <sys/types.h>
| #endif
| #ifdef HAVE_SYS_STAT_H
| # include <sys/stat.h>
| #endif
| #ifdef STDC_HEADERS
| # include <stdlib.h>
| # include <stddef.h>
| #else
| # ifdef HAVE_STDLIB_H
| #  include <stdlib.h>
| # endif
| #endif
| #ifdef HAVE_STRING_H
| # if !defined STDC_HEADERS && defined HAVE_MEMORY_H
| #  include <memory.h>
| # endif
| # include <string.h>
| #endif
| #ifdef HAVE_STRINGS_H
| # include <strings.h>
| #endif
| #ifdef HAVE_INTTYPES_H
| # include <inttypes.h>
| #endif
| #ifdef HAVE_STDINT_H
| # include <stdint.h>
| #endif
| #ifdef HAVE_UNISTD_H
| # include <unistd.h>
| #endif
| #include <netdnet/dnetdb.h>
configure:4096: result: no
configure:4096: checking netdnet/dnetdb.h presence
configure:4096: gcc -E  conftest.c
conftest.c:23:28: fatal error: netdnet/dnetdb.h: No such file or directory
 #include <netdnet/dnetdb.h>
                            ^
compilation terminated.
configure:4096: $? = 1
configure: failed program was:
| /* confdefs.h */
| #define PACKAGE_NAME ""
| #define PACKAGE_TARNAME ""
| #define PACKAGE_VERSION ""
| #define PACKAGE_STRING ""
| #define PACKAGE_BUGREPORT ""
| #define PACKAGE_URL ""
| #define inline inline
| #define HAVE___ATTRIBUTE__ 1
| #define __ATTRIBUTE___FORMAT_OK_FOR_FUNCTION_POINTERS 1
| #define STDC_HEADERS 1
| #define HAVE_SYS_TYPES_H 1
| #define HAVE_SYS_STAT_H 1
| #define HAVE_STDLIB_H 1
| #define HAVE_STRING_H 1
| #define HAVE_MEMORY_H 1
| #define HAVE_STRINGS_H 1
| #define HAVE_INTTYPES_H 1
| #define HAVE_STDINT_H 1
| #define HAVE_UNISTD_H 1
| #define HAVE_FCNTL_H 1
| /* end confdefs.h.  */
| #include <netdnet/dnetdb.h>
configure:4096: result: no
configure:4096: checking for netdnet/dnetdb.h
configure:4096: result: no
configure:4108: checking for net/pfvar.h
configure:4108: gcc -c -g -O2  conftest.c >&5
conftest.c:27:23: fatal error: net/pfvar.h: No such file or directory
 #include <net/pfvar.h>
                       ^
compilation terminated.
configure:4108: $? = 1
configure: failed program was:
| /* confdefs.h */
| #define PACKAGE_NAME ""
| #define PACKAGE_TARNAME ""
| #define PACKAGE_VERSION ""
| #define PACKAGE_STRING ""
| #define PACKAGE_BUGREPORT ""
| #define PACKAGE_URL ""
| #define inline inline
| #define HAVE___ATTRIBUTE__ 1
| #define __ATTRIBUTE___FORMAT_OK_FOR_FUNCTION_POINTERS 1
| #define STDC_HEADERS 1
| #define HAVE_SYS_TYPES_H 1
| #define HAVE_SYS_STAT_H 1
| #define HAVE_STDLIB_H 1
| #define HAVE_STRING_H 1
| #define HAVE_MEMORY_H 1
| #define HAVE_STRINGS_H 1
| #define HAVE_INTTYPES_H 1
| #define HAVE_STDINT_H 1
| #define HAVE_UNISTD_H 1
| #define HAVE_FCNTL_H 1
| /* end confdefs.h.  */
| #include <sys/types.h>
| #include <sys/socket.h>
| #include <net/if.h>
| 
| #include <net/pfvar.h>
configure:4108: result: no
configure:4126: checking for netinet/if_ether.h
configure:4126: gcc -c -g -O2  conftest.c >&5
configure:4126: $? = 0
configure:4126: result: yes
configure:4169: checking whether time.h and sys/time.h may both be included
configure:4189: gcc -c -g -O2  conftest.c >&5
configure:4189: $? = 0
configure:4196: result: yes
configure:4206: checking for rdi_init in -lrdi
configure:4231: gcc -o conftest -g -O2   conftest.c -lrdi   >&5
/usr/bin/ld: cannot find -lrdi
collect2: error: ld returned 1 exit status
configure:4231: $? = 1
configure: failed program was:
| /* confdefs.h */
| #define PACKAGE_NAME ""
| #define PACKAGE_TARNAME ""
| #define PACKAGE_VERSION ""
| #define PACKAGE_STRING ""
| #define PACKAGE_BUGREPORT ""
| #define PACKAGE_URL ""
| #define inline inline
| #define HAVE___ATTRIBUTE__ 1
| #define __ATTRIBUTE___FORMAT_OK_FOR_FUNCTION_POINTERS 1
| #define STDC_HEADERS 1
| #define HAVE_SYS_TYPES_H 1
| #define HAVE_SYS_STAT_H 1
| #define HAVE_STDLIB_H 1
| #define HAVE_STRING_H 1
| #define HAVE_MEMORY_H 1
| #define HAVE_STRINGS_H 1
| #define HAVE_INTTYPES_H 1
| #define HAVE_STDINT_H 1
| #define HAVE_UNISTD_H 1
| #define HAVE_FCNTL_H 1
| #define HAVE_NETINET_IF_ETHER_H 1
| #define TIME_WITH_SYS_TIME 1
| /* end confdefs.h.  */
| 
| /* Override any GCC internal prototype to avoid an error.
|    Use char because int might match the return type of a GCC
|    builtin and then its argument prototype would still apply.  */
| #ifdef __cplusplus
| extern "C"
| #endif
| char rdi_init ();
| int
| main ()
| {
| return rdi_init ();
|   ;
|   return 0;
| }
configure:4240: result: no
configure:4252: checking Silicom Redirector support
configure:4260: result: no
configure:4269: checking Linux kernel version
configure:4287: result: 3
configure:4314: checking smi.h usability
configure:4314: gcc -c -g -O2  conftest.c >&5
conftest.c:58:17: fatal error: smi.h: No such file or directory
 #include <smi.h>
                 ^
compilation terminated.
configure:4314: $? = 1
configure: failed program was:
| /* confdefs.h */
| #define PACKAGE_NAME ""
| #define PACKAGE_TARNAME ""
| #define PACKAGE_VERSION ""
| #define PACKAGE_STRING ""
| #define PACKAGE_BUGREPORT ""
| #define PACKAGE_URL ""
| #define inline inline
| #define HAVE___ATTRIBUTE__ 1
| #define __ATTRIBUTE___FORMAT_OK_FOR_FUNCTION_POINTERS 1
| #define STDC_HEADERS 1
| #define HAVE_SYS_TYPES_H 1
| #define HAVE_SYS_STAT_H 1
| #define HAVE_STDLIB_H 1
| #define HAVE_STRING_H 1
| #define HAVE_MEMORY_H 1
| #define HAVE_STRINGS_H 1
| #define HAVE_INTTYPES_H 1
| #define HAVE_STDINT_H 1
| #define HAVE_UNISTD_H 1
| #define HAVE_FCNTL_H 1
| #define HAVE_NETINET_IF_ETHER_H 1
| #define TIME_WITH_SYS_TIME 1
| /* end confdefs.h.  */
| #include <stdio.h>
| #ifdef HAVE_SYS_TYPES_H
| # include <sys/types.h>
| #endif
| #ifdef HAVE_SYS_STAT_H
| # include <sys/stat.h>
| #endif
| #ifdef STDC_HEADERS
| # include <stdlib.h>
| # include <stddef.h>
| #else
| # ifdef HAVE_STDLIB_H
| #  include <stdlib.h>
| # endif
| #endif
| #ifdef HAVE_STRING_H
| # if !defined STDC_HEADERS && defined HAVE_MEMORY_H
| #  include <memory.h>
| # endif
| # include <string.h>
| #endif
| #ifdef HAVE_STRINGS_H
| # include <strings.h>
| #endif
| #ifdef HAVE_INTTYPES_H
| # include <inttypes.h>
| #endif
| #ifdef HAVE_STDINT_H
| # include <stdint.h>
| #endif
| #ifdef HAVE_UNISTD_H
| # include <unistd.h>
| #endif
| #include <smi.h>
configure:4314: result: no
configure:4314: checking smi.h presence
configure:4314: gcc -E  conftest.c
conftest.c:25:17: fatal error: smi.h: No such file or directory
 #include <smi.h>
                 ^
compilation terminated.
configure:4314: $? = 1
configure: failed program was:
| /* confdefs.h */
| #define PACKAGE_NAME ""
| #define PACKAGE_TARNAME ""
| #define PACKAGE_VERSION ""
| #define PACKAGE_STRING ""
| #define PACKAGE_BUGREPORT ""
| #define PACKAGE_URL ""
| #define inline inline
| #define HAVE___ATTRIBUTE__ 1
| #define __ATTRIBUTE___FORMAT_OK_FOR_FUNCTION_POINTERS 1
| #define STDC_HEADERS 1
| #define HAVE_SYS_TYPES_H 1
| #define HAVE_SYS_STAT_H 1
| #define HAVE_STDLIB_H 1
| #define HAVE_STRING_H 1
| #define HAVE_MEMORY_H 1
| #define HAVE_STRINGS_H 1
| #define HAVE_INTTYPES_H 1
| #define HAVE_STDINT_H 1
| #define HAVE_UNISTD_H 1
| #define HAVE_FCNTL_H 1
| #define HAVE_NETINET_IF_ETHER_H 1
| #define TIME_WITH_SYS_TIME 1
| /* end confdefs.h.  */
| #include <smi.h>
configure:4314: result: no
configure:4314: checking for smi.h
configure:4314: result: no
configure:4324: checking for smiInit in -lsmi
configure:4349: gcc -o conftest -g -O2   conftest.c -lsmi   ../lib/libpfring.a -lpthread -lnuma -lrt  >&5
/usr/bin/ld: cannot find -lsmi
collect2: error: ld returned 1 exit status
configure:4349: $? = 1
configure: failed program was:
| /* confdefs.h */
| #define PACKAGE_NAME ""
| #define PACKAGE_TARNAME ""
| #define PACKAGE_VERSION ""
| #define PACKAGE_STRING ""
| #define PACKAGE_BUGREPORT ""
| #define PACKAGE_URL ""
| #define inline inline
| #define HAVE___ATTRIBUTE__ 1
| #define __ATTRIBUTE___FORMAT_OK_FOR_FUNCTION_POINTERS 1
| #define STDC_HEADERS 1
| #define HAVE_SYS_TYPES_H 1
| #define HAVE_SYS_STAT_H 1
| #define HAVE_STDLIB_H 1
| #define HAVE_STRING_H 1
| #define HAVE_MEMORY_H 1
| #define HAVE_STRINGS_H 1
| #define HAVE_INTTYPES_H 1
| #define HAVE_STDINT_H 1
| #define HAVE_UNISTD_H 1
| #define HAVE_FCNTL_H 1
| #define HAVE_NETINET_IF_ETHER_H 1
| #define TIME_WITH_SYS_TIME 1
| /* end confdefs.h.  */
| 
| /* Override any GCC internal prototype to avoid an error.
|    Use char because int might match the return type of a GCC
|    builtin and then its argument prototype would still apply.  */
| #ifdef __cplusplus
| extern "C"
| #endif
| char smiInit ();
| int
| main ()
| {
| return smiInit ();
|   ;
|   return 0;
| }
configure:4358: result: no
configure:4428: checking whether to enable the possibly-buggy SMB printer
configure:4438: result: yes
configure:4440: WARNING: The SMB printer may have exploitable buffer overflows!!!
configure:4457: checking whether to drop root privileges by default
configure:4467: result: no
configure:4477: checking whether to chroot
configure:4487: result: no
configure:4491: checking whether to enable ipv6
configure:4530: gcc -o conftest -g -O2   conftest.c  ../lib/libpfring.a -lpthread -lnuma -lrt  >&5
conftest.c: In function 'main':
conftest.c:32:4: warning: incompatible implicit declaration of built-in function 'exit'
    exit(1);
    ^
configure:4530: $? = 0
configure:4530: ./conftest
configure:4530: $? = 0
configure:4531: result: yes
configure:4554: checking ipv6 stack type
configure:4677: result: linux-glibc
configure:4712: checking for library containing getaddrinfo
configure:4743: gcc -o conftest -DINET6 -g -O2   conftest.c  ../lib/libpfring.a -lpthread -lnuma -lrt  >&5
configure:4743: $? = 0
configure:4760: result: none required
configure:4765: checking getaddrinfo bug
configure:4871: gcc -o conftest -DINET6 -g -O2   conftest.c  ../lib/libpfring.a -lpthread -lnuma -lrt  >&5
conftest.c: In function 'main':
conftest.c:114:3: warning: incompatible implicit declaration of built-in function 'exit'
   exit(0);
   ^
configure:4871: $? = 0
configure:4871: ./conftest
configure:4871: $? = 0
configure:4883: result: good
configure:4911: checking for getnameinfo
configure:4911: gcc -o conftest -DINET6 -g -O2   conftest.c  ../lib/libpfring.a -lpthread -lnuma -lrt  >&5
configure:4911: $? = 0
configure:4911: result: yes
configure:4927: checking for dnet_htoa declaration in netdnet/dnetdb.h
conftest.c:28:28: fatal error: netdnet/dnetdb.h: No such file or directory
 #include <netdnet/dnetdb.h>
                            ^
compilation terminated.
configure:4946: result: no
configure:4957: checking size of char
configure:4962: gcc -o conftest -DINET6 -g -O2   conftest.c  ../lib/libpfring.a -lpthread -lnuma -lrt  >&5
configure:4962: $? = 0
configure:4962: ./conftest
configure:4962: $? = 0
configure:4976: result: 1
configure:4990: checking size of short
configure:4995: gcc -o conftest -DINET6 -g -O2   conftest.c  ../lib/libpfring.a -lpthread -lnuma -lrt  >&5
configure:4995: $? = 0
configure:4995: ./conftest
configure:4995: $? = 0
configure:5009: result: 2
configure:5023: checking size of int
configure:5028: gcc -o conftest -DINET6 -g -O2   conftest.c  ../lib/libpfring.a -lpthread -lnuma -lrt  >&5
configure:5028: $? = 0
configure:5028: ./conftest
configure:5028: $? = 0
configure:5042: result: 4
configure:5056: checking size of long
configure:5061: gcc -o conftest -DINET6 -g -O2   conftest.c  ../lib/libpfring.a -lpthread -lnuma -lrt  >&5
configure:5061: $? = 0
configure:5061: ./conftest
configure:5061: $? = 0
configure:5075: result: 8
configure:5089: checking size of long long
configure:5094: gcc -o conftest -DINET6 -g -O2   conftest.c  ../lib/libpfring.a -lpthread -lnuma -lrt  >&5
configure:5094: $? = 0
configure:5094: ./conftest
configure:5094: $? = 0
configure:5108: result: 8
configure:5120: checking for addrinfo
configure:5137: gcc -c -DINET6 -g -O2  conftest.c >&5
configure:5137: $? = 0
configure:5145: result: yes
configure:5160: checking for NI_MAXSERV
configure:5182: result: yes
configure:5194: checking for NI_NAMEREQD
configure:5216: result: yes
configure:5228: checking for sockaddr_storage
configure:5246: gcc -c -DINET6 -g -O2  conftest.c >&5
configure:5246: $? = 0
configure:5254: result: yes
configure:5267: checking for INADDRSZ
configure:5284: gcc -c -DINET6 -g -O2  conftest.c >&5
configure:5284: $? = 0
configure:5292: result: yes
configure:5300: checking for IN6ADDRSZ
configure:5317: gcc -c -DINET6 -g -O2  conftest.c >&5
configure:5317: $? = 0
configure:5325: result: yes
configure:5339: checking for RES_USE_INET6
configure:5358: gcc -c -DINET6 -g -O2  conftest.c >&5
configure:5358: $? = 0
configure:5366: result: yes
configure:5378: checking for res_state_ext
configure:5398: gcc -c -DINET6 -g -O2  conftest.c >&5
conftest.c:41:28: fatal error: netinet6/in6.h: No such file or directory
 #  include <netinet6/in6.h>
                            ^
compilation terminated.
configure:5398: $? = 1
configure: failed program was:
| /* confdefs.h */
| #define PACKAGE_NAME ""
| #define PACKAGE_TARNAME ""
| #define PACKAGE_VERSION ""
| #define PACKAGE_STRING ""
| #define PACKAGE_BUGREPORT ""
| #define PACKAGE_URL ""
| #define inline inline
| #define HAVE___ATTRIBUTE__ 1
| #define __ATTRIBUTE___FORMAT_OK_FOR_FUNCTION_POINTERS 1
| #define STDC_HEADERS 1
| #define HAVE_SYS_TYPES_H 1
| #define HAVE_SYS_STAT_H 1
| #define HAVE_STDLIB_H 1
| #define HAVE_STRING_H 1
| #define HAVE_MEMORY_H 1
| #define HAVE_STRINGS_H 1
| #define HAVE_INTTYPES_H 1
| #define HAVE_STDINT_H 1
| #define HAVE_UNISTD_H 1
| #define HAVE_FCNTL_H 1
| #define HAVE_NETINET_IF_ETHER_H 1
| #define TIME_WITH_SYS_TIME 1
| #define TCPDUMP_DO_SMB 1
| #define INET6 1
| #define HAVE_GETNAMEINFO 1
| #define SIZEOF_CHAR 1
| #define SIZEOF_SHORT 2
| #define SIZEOF_INT 4
| #define SIZEOF_LONG 8
| #define SIZEOF_LONG_LONG 8
| #define HAVE_ADDRINFO 1
| #define HAVE_SOCKADDR_STORAGE 1
| #define HAVE_INADDRSZ 1
| #define HAVE_IN6ADDRSZ 1
| #define HAVE_RES_USE_INET6 1
| /* end confdefs.h.  */
| 
| #		include <sys/types.h>
| #		include <netinet/in.h>
| #		include <netinet6/in6.h>
| #		include <resolv.h>
| int
| main ()
| {
| struct __res_state_ext e
|   ;
|   return 0;
| }
configure:5406: result: no
configure:5418: checking for nsort in res_state
configure:5438: gcc -c -DINET6 -g -O2  conftest.c >&5
conftest.c:41:28: fatal error: netinet6/in6.h: No such file or directory
 #  include <netinet6/in6.h>
                            ^
compilation terminated.
configure:5438: $? = 1
configure: failed program was:
| /* confdefs.h */
| #define PACKAGE_NAME ""
| #define PACKAGE_TARNAME ""
| #define PACKAGE_VERSION ""
| #define PACKAGE_STRING ""
| #define PACKAGE_BUGREPORT ""
| #define PACKAGE_URL ""
| #define inline inline
| #define HAVE___ATTRIBUTE__ 1
| #define __ATTRIBUTE___FORMAT_OK_FOR_FUNCTION_POINTERS 1
| #define STDC_HEADERS 1
| #define HAVE_SYS_TYPES_H 1
| #define HAVE_SYS_STAT_H 1
| #define HAVE_STDLIB_H 1
| #define HAVE_STRING_H 1
| #define HAVE_MEMORY_H 1
| #define HAVE_STRINGS_H 1
| #define HAVE_INTTYPES_H 1
| #define HAVE_STDINT_H 1
| #define HAVE_UNISTD_H 1
| #define HAVE_FCNTL_H 1
| #define HAVE_NETINET_IF_ETHER_H 1
| #define TIME_WITH_SYS_TIME 1
| #define TCPDUMP_DO_SMB 1
| #define INET6 1
| #define HAVE_GETNAMEINFO 1
| #define SIZEOF_CHAR 1
| #define SIZEOF_SHORT 2
| #define SIZEOF_INT 4
| #define SIZEOF_LONG 8
| #define SIZEOF_LONG_LONG 8
| #define HAVE_ADDRINFO 1
| #define HAVE_SOCKADDR_STORAGE 1
| #define HAVE_INADDRSZ 1
| #define HAVE_IN6ADDRSZ 1
| #define HAVE_RES_USE_INET6 1
| /* end confdefs.h.  */
| 
| #		include <sys/types.h>
| #		include <netinet/in.h>
| #		include <netinet6/in6.h>
| #		include <resolv.h>
| int
| main ()
| {
| struct __res_state e; e.nsort = 0
|   ;
|   return 0;
| }
configure:5446: result: no
configure:5455: checking for vfprintf
configure:5455: gcc -o conftest -DINET6 -g -O2   conftest.c  ../lib/libpfring.a -lpthread -lnuma -lrt  >&5
conftest.c:61:6: warning: conflicting types for built-in function 'vfprintf'
 char vfprintf ();
      ^
configure:5455: $? = 0
configure:5455: result: yes
configure:5468: checking for strcasecmp
configure:5468: gcc -o conftest -DINET6 -g -O2   conftest.c  ../lib/libpfring.a -lpthread -lnuma -lrt  >&5
conftest.c:62:6: warning: conflicting types for built-in function 'strcasecmp'
 char strcasecmp ();
      ^
configure:5468: $? = 0
configure:5468: result: yes
configure:5481: checking for strlcat
configure:5481: gcc -o conftest -DINET6 -g -O2   conftest.c  ../lib/libpfring.a -lpthread -lnuma -lrt  >&5
/tmp/ccFrkqaf.o: In function `main':
/home/bram/PF_RING/userland/tcpdump-4.1.1/conftest.c:74: undefined reference to `strlcat'
collect2: error: ld returned 1 exit status
configure:5481: $? = 1
configure: failed program was:
| /* confdefs.h */
| #define PACKAGE_NAME ""
| #define PACKAGE_TARNAME ""
| #define PACKAGE_VERSION ""
| #define PACKAGE_STRING ""
| #define PACKAGE_BUGREPORT ""
| #define PACKAGE_URL ""
| #define inline inline
| #define HAVE___ATTRIBUTE__ 1
| #define __ATTRIBUTE___FORMAT_OK_FOR_FUNCTION_POINTERS 1
| #define STDC_HEADERS 1
| #define HAVE_SYS_TYPES_H 1
| #define HAVE_SYS_STAT_H 1
| #define HAVE_STDLIB_H 1
| #define HAVE_STRING_H 1
| #define HAVE_MEMORY_H 1
| #define HAVE_STRINGS_H 1
| #define HAVE_INTTYPES_H 1
| #define HAVE_STDINT_H 1
| #define HAVE_UNISTD_H 1
| #define HAVE_FCNTL_H 1
| #define HAVE_NETINET_IF_ETHER_H 1
| #define TIME_WITH_SYS_TIME 1
| #define TCPDUMP_DO_SMB 1
| #define INET6 1
| #define HAVE_GETNAMEINFO 1
| #define SIZEOF_CHAR 1
| #define SIZEOF_SHORT 2
| #define SIZEOF_INT 4
| #define SIZEOF_LONG 8
| #define SIZEOF_LONG_LONG 8
| #define HAVE_ADDRINFO 1
| #define HAVE_SOCKADDR_STORAGE 1
| #define HAVE_INADDRSZ 1
| #define HAVE_IN6ADDRSZ 1
| #define HAVE_RES_USE_INET6 1
| #define HAVE_VFPRINTF 1
| #define HAVE_STRCASECMP 1
| /* end confdefs.h.  */
| /* Define strlcat to an innocuous variant, in case <limits.h> declares strlcat.
|    For example, HP-UX 11i <limits.h> declares gettimeofday.  */
| #define strlcat innocuous_strlcat
| 
| /* System header to define __stub macros and hopefully few prototypes,
|     which can conflict with char strlcat (); below.
|     Prefer <limits.h> to <assert.h> if __STDC__ is defined, since
|     <limits.h> exists even on freestanding compilers.  */
| 
| #ifdef __STDC__
| # include <limits.h>
| #else
| # include <assert.h>
| #endif
| 
| #undef strlcat
| 
| /* Override any GCC internal prototype to avoid an error.
|    Use char because int might match the return type of a GCC
|    builtin and then its argument prototype would still apply.  */
| #ifdef __cplusplus
| extern "C"
| #endif
| char strlcat ();
| /* The GNU C library defines this for functions which it implements
|     to always fail with ENOSYS.  Some functions are actually named
|     something starting with __ and the normal name is an alias.  */
| #if defined __stub_strlcat || defined __stub___strlcat
| choke me
| #endif
| 
| int
| main ()
| {
| return strlcat ();
|   ;
|   return 0;
| }
configure:5481: result: no
configure:5494: checking for strlcpy
configure:5494: gcc -o conftest -DINET6 -g -O2   conftest.c  ../lib/libpfring.a -lpthread -lnuma -lrt  >&5
/tmp/cc67jA5h.o: In function `main':
/home/bram/PF_RING/userland/tcpdump-4.1.1/conftest.c:74: undefined reference to `strlcpy'
collect2: error: ld returned 1 exit status
configure:5494: $? = 1
configure: failed program was:
| /* confdefs.h */
| #define PACKAGE_NAME ""
| #define PACKAGE_TARNAME ""
| #define PACKAGE_VERSION ""
| #define PACKAGE_STRING ""
| #define PACKAGE_BUGREPORT ""
| #define PACKAGE_URL ""
| #define inline inline
| #define HAVE___ATTRIBUTE__ 1
| #define __ATTRIBUTE___FORMAT_OK_FOR_FUNCTION_POINTERS 1
| #define STDC_HEADERS 1
| #define HAVE_SYS_TYPES_H 1
| #define HAVE_SYS_STAT_H 1
| #define HAVE_STDLIB_H 1
| #define HAVE_STRING_H 1
| #define HAVE_MEMORY_H 1
| #define HAVE_STRINGS_H 1
| #define HAVE_INTTYPES_H 1
| #define HAVE_STDINT_H 1
| #define HAVE_UNISTD_H 1
| #define HAVE_FCNTL_H 1
| #define HAVE_NETINET_IF_ETHER_H 1
| #define TIME_WITH_SYS_TIME 1
| #define TCPDUMP_DO_SMB 1
| #define INET6 1
| #define HAVE_GETNAMEINFO 1
| #define SIZEOF_CHAR 1
| #define SIZEOF_SHORT 2
| #define SIZEOF_INT 4
| #define SIZEOF_LONG 8
| #define SIZEOF_LONG_LONG 8
| #define HAVE_ADDRINFO 1
| #define HAVE_SOCKADDR_STORAGE 1
| #define HAVE_INADDRSZ 1
| #define HAVE_IN6ADDRSZ 1
| #define HAVE_RES_USE_INET6 1
| #define HAVE_VFPRINTF 1
| #define HAVE_STRCASECMP 1
| /* end confdefs.h.  */
| /* Define strlcpy to an innocuous variant, in case <limits.h> declares strlcpy.
|    For example, HP-UX 11i <limits.h> declares gettimeofday.  */
| #define strlcpy innocuous_strlcpy
| 
| /* System header to define __stub macros and hopefully few prototypes,
|     which can conflict with char strlcpy (); below.
|     Prefer <limits.h> to <assert.h> if __STDC__ is defined, since
|     <limits.h> exists even on freestanding compilers.  */
| 
| #ifdef __STDC__
| # include <limits.h>
| #else
| # include <assert.h>
| #endif
| 
| #undef strlcpy
| 
| /* Override any GCC internal prototype to avoid an error.
|    Use char because int might match the return type of a GCC
|    builtin and then its argument prototype would still apply.  */
| #ifdef __cplusplus
| extern "C"
| #endif
| char strlcpy ();
| /* The GNU C library defines this for functions which it implements
|     to always fail with ENOSYS.  Some functions are actually named
|     something starting with __ and the normal name is an alias.  */
| #if defined __stub_strlcpy || defined __stub___strlcpy
| choke me
| #endif
| 
| int
| main ()
| {
| return strlcpy ();
|   ;
|   return 0;
| }
configure:5494: result: no
configure:5507: checking for strdup
configure:5507: gcc -o conftest -DINET6 -g -O2   conftest.c  ../lib/libpfring.a -lpthread -lnuma -lrt  >&5
conftest.c:63:6: warning: conflicting types for built-in function 'strdup'
 char strdup ();
      ^
configure:5507: $? = 0
configure:5507: result: yes
configure:5520: checking for strsep
configure:5520: gcc -o conftest -DINET6 -g -O2   conftest.c  ../lib/libpfring.a -lpthread -lnuma -lrt  >&5
configure:5520: $? = 0
configure:5520: result: yes
configure:5536: checking for strftime
configure:5536: gcc -o conftest -DINET6 -g -O2   conftest.c  ../lib/libpfring.a -lpthread -lnuma -lrt  >&5
conftest.c:65:6: warning: conflicting types for built-in function 'strftime'
 char strftime ();
      ^
configure:5536: $? = 0
configure:5536: result: yes
configure:5548: checking for setlinebuf
configure:5548: gcc -o conftest -DINET6 -g -O2   conftest.c  ../lib/libpfring.a -lpthread -lnuma -lrt  >&5
configure:5548: $? = 0
configure:5548: result: yes
configure:5548: checking for alarm
configure:5548: gcc -o conftest -DINET6 -g -O2   conftest.c  ../lib/libpfring.a -lpthread -lnuma -lrt  >&5
configure:5548: $? = 0
configure:5548: result: yes
configure:5562: checking for vsnprintf
configure:5562: gcc -o conftest -DINET6 -g -O2   conftest.c  ../lib/libpfring.a -lpthread -lnuma -lrt  >&5
conftest.c:68:6: warning: conflicting types for built-in function 'vsnprintf'
 char vsnprintf ();
      ^
configure:5562: $? = 0
configure:5562: result: yes
configure:5562: checking for snprintf
configure:5562: gcc -o conftest -DINET6 -g -O2   conftest.c  ../lib/libpfring.a -lpthread -lnuma -lrt  >&5
conftest.c:69:6: warning: conflicting types for built-in function 'snprintf'
 char snprintf ();
      ^
configure:5562: $? = 0
configure:5562: result: yes
configure:5583: checking return type of signal handlers
configure:5601: gcc -c -DINET6 -g -O2  conftest.c >&5
conftest.c: In function 'main':
conftest.c:53:1: error: void value not ignored as it ought to be
 return *(signal (0, 0)) (0) == 1;
 ^
configure:5601: $? = 1
configure: failed program was:
| /* confdefs.h */
| #define PACKAGE_NAME ""
| #define PACKAGE_TARNAME ""
| #define PACKAGE_VERSION ""
| #define PACKAGE_STRING ""
| #define PACKAGE_BUGREPORT ""
| #define PACKAGE_URL ""
| #define inline inline
| #define HAVE___ATTRIBUTE__ 1
| #define __ATTRIBUTE___FORMAT_OK_FOR_FUNCTION_POINTERS 1
| #define STDC_HEADERS 1
| #define HAVE_SYS_TYPES_H 1
| #define HAVE_SYS_STAT_H 1
| #define HAVE_STDLIB_H 1
| #define HAVE_STRING_H 1
| #define HAVE_MEMORY_H 1
| #define HAVE_STRINGS_H 1
| #define HAVE_INTTYPES_H 1
| #define HAVE_STDINT_H 1
| #define HAVE_UNISTD_H 1
| #define HAVE_FCNTL_H 1
| #define HAVE_NETINET_IF_ETHER_H 1
| #define TIME_WITH_SYS_TIME 1
| #define TCPDUMP_DO_SMB 1
| #define INET6 1
| #define HAVE_GETNAMEINFO 1
| #define SIZEOF_CHAR 1
| #define SIZEOF_SHORT 2
| #define SIZEOF_INT 4
| #define SIZEOF_LONG 8
| #define SIZEOF_LONG_LONG 8
| #define HAVE_ADDRINFO 1
| #define HAVE_SOCKADDR_STORAGE 1
| #define HAVE_INADDRSZ 1
| #define HAVE_IN6ADDRSZ 1
| #define HAVE_RES_USE_INET6 1
| #define HAVE_VFPRINTF 1
| #define HAVE_STRCASECMP 1
| #define HAVE_STRDUP 1
| #define HAVE_STRSEP 1
| #define HAVE_STRFTIME 1
| #define HAVE_SETLINEBUF 1
| #define HAVE_ALARM 1
| #define HAVE_VSNPRINTF 1
| #define HAVE_SNPRINTF 1
| /* end confdefs.h.  */
| #include <sys/types.h>
| #include <signal.h>
| 
| int
| main ()
| {
| return *(signal (0, 0)) (0) == 1;
|   ;
|   return 0;
| }
configure:5608: result: void
configure:5636: checking for sigaction
configure:5636: gcc -o conftest -DINET6 -g -O2   conftest.c  ../lib/libpfring.a -lpthread -lnuma -lrt  >&5
configure:5636: $? = 0
configure:5636: result: yes
configure:5661: checking for library containing dnet_htoa
configure:5692: gcc -o conftest -DINET6 -g -O2   conftest.c  ../lib/libpfring.a -lpthread -lnuma -lrt  >&5
/tmp/ccIyDJkC.o: In function `main':
/home/bram/PF_RING/userland/tcpdump-4.1.1/conftest.c:61: undefined reference to `dnet_htoa'
collect2: error: ld returned 1 exit status
configure:5692: $? = 1
configure: failed program was:
| /* confdefs.h */
| #define PACKAGE_NAME ""
| #define PACKAGE_TARNAME ""
| #define PACKAGE_VERSION ""
| #define PACKAGE_STRING ""
| #define PACKAGE_BUGREPORT ""
| #define PACKAGE_URL ""
| #define inline inline
| #define HAVE___ATTRIBUTE__ 1
| #define __ATTRIBUTE___FORMAT_OK_FOR_FUNCTION_POINTERS 1
| #define STDC_HEADERS 1
| #define HAVE_SYS_TYPES_H 1
| #define HAVE_SYS_STAT_H 1
| #define HAVE_STDLIB_H 1
| #define HAVE_STRING_H 1
| #define HAVE_MEMORY_H 1
| #define HAVE_STRINGS_H 1
| #define HAVE_INTTYPES_H 1
| #define HAVE_STDINT_H 1
| #define HAVE_UNISTD_H 1
| #define HAVE_FCNTL_H 1
| #define HAVE_NETINET_IF_ETHER_H 1
| #define TIME_WITH_SYS_TIME 1
| #define TCPDUMP_DO_SMB 1
| #define INET6 1
| #define HAVE_GETNAMEINFO 1
| #define SIZEOF_CHAR 1
| #define SIZEOF_SHORT 2
| #define SIZEOF_INT 4
| #define SIZEOF_LONG 8
| #define SIZEOF_LONG_LONG 8
| #define HAVE_ADDRINFO 1
| #define HAVE_SOCKADDR_STORAGE 1
| #define HAVE_INADDRSZ 1
| #define HAVE_IN6ADDRSZ 1
| #define HAVE_RES_USE_INET6 1
| #define HAVE_VFPRINTF 1
| #define HAVE_STRCASECMP 1
| #define HAVE_STRDUP 1
| #define HAVE_STRSEP 1
| #define HAVE_STRFTIME 1
| #define HAVE_SETLINEBUF 1
| #define HAVE_ALARM 1
| #define HAVE_VSNPRINTF 1
| #define HAVE_SNPRINTF 1
| #define RETSIGTYPE void
| #define RETSIGVAL /**/
| #define HAVE_SIGACTION 1
| /* end confdefs.h.  */
| 
| /* Override any GCC internal prototype to avoid an error.
|    Use char because int might match the return type of a GCC
|    builtin and then its argument prototype would still apply.  */
| #ifdef __cplusplus
| extern "C"
| #endif
| char dnet_htoa ();
| int
| main ()
| {
| return dnet_htoa ();
|   ;
|   return 0;
| }
configure:5692: gcc -o conftest -DINET6 -g -O2   conftest.c -ldnet   ../lib/libpfring.a -lpthread -lnuma -lrt  >&5
/usr/bin/ld: cannot find -ldnet
collect2: error: ld returned 1 exit status
configure:5692: $? = 1
configure: failed program was:
| /* confdefs.h */
| #define PACKAGE_NAME ""
| #define PACKAGE_TARNAME ""
| #define PACKAGE_VERSION ""
| #define PACKAGE_STRING ""
| #define PACKAGE_BUGREPORT ""
| #define PACKAGE_URL ""
| #define inline inline
| #define HAVE___ATTRIBUTE__ 1
| #define __ATTRIBUTE___FORMAT_OK_FOR_FUNCTION_POINTERS 1
| #define STDC_HEADERS 1
| #define HAVE_SYS_TYPES_H 1
| #define HAVE_SYS_STAT_H 1
| #define HAVE_STDLIB_H 1
| #define HAVE_STRING_H 1
| #define HAVE_MEMORY_H 1
| #define HAVE_STRINGS_H 1
| #define HAVE_INTTYPES_H 1
| #define HAVE_STDINT_H 1
| #define HAVE_UNISTD_H 1
| #define HAVE_FCNTL_H 1
| #define HAVE_NETINET_IF_ETHER_H 1
| #define TIME_WITH_SYS_TIME 1
| #define TCPDUMP_DO_SMB 1
| #define INET6 1
| #define HAVE_GETNAMEINFO 1
| #define SIZEOF_CHAR 1
| #define SIZEOF_SHORT 2
| #define SIZEOF_INT 4
| #define SIZEOF_LONG 8
| #define SIZEOF_LONG_LONG 8
| #define HAVE_ADDRINFO 1
| #define HAVE_SOCKADDR_STORAGE 1
| #define HAVE_INADDRSZ 1
| #define HAVE_IN6ADDRSZ 1
| #define HAVE_RES_USE_INET6 1
| #define HAVE_VFPRINTF 1
| #define HAVE_STRCASECMP 1
| #define HAVE_STRDUP 1
| #define HAVE_STRSEP 1
| #define HAVE_STRFTIME 1
| #define HAVE_SETLINEBUF 1
| #define HAVE_ALARM 1
| #define HAVE_VSNPRINTF 1
| #define HAVE_SNPRINTF 1
| #define RETSIGTYPE void
| #define RETSIGVAL /**/
| #define HAVE_SIGACTION 1
| /* end confdefs.h.  */
| 
| /* Override any GCC internal prototype to avoid an error.
|    Use char because int might match the return type of a GCC
|    builtin and then its argument prototype would still apply.  */
| #ifdef __cplusplus
| extern "C"
| #endif
| char dnet_htoa ();
| int
| main ()
| {
| return dnet_htoa ();
|   ;
|   return 0;
| }
configure:5709: result: no
configure:5719: checking for main in -lrpc
configure:5738: gcc -o conftest -DINET6 -g -O2   conftest.c -lrpc   ../lib/libpfring.a -lpthread -lnuma -lrt  >&5
/usr/bin/ld: cannot find -lrpc
collect2: error: ld returned 1 exit status
configure:5738: $? = 1
configure: failed program was:
| /* confdefs.h */
| #define PACKAGE_NAME ""
| #define PACKAGE_TARNAME ""
| #define PACKAGE_VERSION ""
| #define PACKAGE_STRING ""
| #define PACKAGE_BUGREPORT ""
| #define PACKAGE_URL ""
| #define inline inline
| #define HAVE___ATTRIBUTE__ 1
| #define __ATTRIBUTE___FORMAT_OK_FOR_FUNCTION_POINTERS 1
| #define STDC_HEADERS 1
| #define HAVE_SYS_TYPES_H 1
| #define HAVE_SYS_STAT_H 1
| #define HAVE_STDLIB_H 1
| #define HAVE_STRING_H 1
| #define HAVE_MEMORY_H 1
| #define HAVE_STRINGS_H 1
| #define HAVE_INTTYPES_H 1
| #define HAVE_STDINT_H 1
| #define HAVE_UNISTD_H 1
| #define HAVE_FCNTL_H 1
| #define HAVE_NETINET_IF_ETHER_H 1
| #define TIME_WITH_SYS_TIME 1
| #define TCPDUMP_DO_SMB 1
| #define INET6 1
| #define HAVE_GETNAMEINFO 1
| #define SIZEOF_CHAR 1
| #define SIZEOF_SHORT 2
| #define SIZEOF_INT 4
| #define SIZEOF_LONG 8
| #define SIZEOF_LONG_LONG 8
| #define HAVE_ADDRINFO 1
| #define HAVE_SOCKADDR_STORAGE 1
| #define HAVE_INADDRSZ 1
| #define HAVE_IN6ADDRSZ 1
| #define HAVE_RES_USE_INET6 1
| #define HAVE_VFPRINTF 1
| #define HAVE_STRCASECMP 1
| #define HAVE_STRDUP 1
| #define HAVE_STRSEP 1
| #define HAVE_STRFTIME 1
| #define HAVE_SETLINEBUF 1
| #define HAVE_ALARM 1
| #define HAVE_VSNPRINTF 1
| #define HAVE_SNPRINTF 1
| #define RETSIGTYPE void
| #define RETSIGVAL /**/
| #define HAVE_SIGACTION 1
| /* end confdefs.h.  */
| 
| 
| int
| main ()
| {
| return main ();
|   ;
|   return 0;
| }
configure:5747: result: no
configure:5758: checking for library containing getrpcbynumber
configure:5789: gcc -o conftest -DINET6 -g -O2   conftest.c  ../lib/libpfring.a -lpthread -lnuma -lrt  >&5
configure:5789: $? = 0
configure:5806: result: none required
configure:5822: checking for library containing gethostbyname
configure:5853: gcc -o conftest -DINET6 -g -O2   conftest.c  ../lib/libpfring.a -lpthread -lnuma -lrt  >&5
configure:5853: $? = 0
configure:5870: result: none required
configure:5923: checking for library containing socket
configure:5954: gcc -o conftest -DINET6 -g -O2   conftest.c  ../lib/libpfring.a -lpthread -lnuma -lrt  >&5
configure:5954: $? = 0
configure:5971: result: none required
configure:6021: checking for library containing putmsg
configure:6052: gcc -o conftest -DINET6 -g -O2   conftest.c  ../lib/libpfring.a -lpthread -lnuma -lrt  >&5
/tmp/cczqEqPK.o: In function `main':
/home/bram/PF_RING/userland/tcpdump-4.1.1/conftest.c:62: warning: putmsg is not implemented and will always fail
configure:6052: $? = 0
configure:6069: result: none required
configure:6099: checking for local pcap library
configure:6242: result: ./../libpcap/libpcap.a
configure:6246: checking for pcap-config
configure:6264: found ./../libpcap/pcap-config
configure:6276: result: ./../libpcap/pcap-config
configure:6330: checking for pcap_list_datalinks
configure:6330: gcc -o conftest -DINET6 -g -O2   conftest.c ./../libpcap/libpcap.a   ../lib/libpfring.a -lpthread -lnuma -lrt  >&5
configure:6330: $? = 0
configure:6330: result: yes
configure:6345: checking for pcap_set_datalink
configure:6345: gcc -o conftest -DINET6 -g -O2   conftest.c ./../libpcap/libpcap.a   ../lib/libpfring.a -lpthread -lnuma -lrt  >&5
configure:6345: $? = 0
configure:6345: result: yes
configure:6351: checking for pcap_datalink_name_to_val
configure:6351: gcc -o conftest -DINET6 -g -O2   conftest.c ./../libpcap/libpcap.a   ../lib/libpfring.a -lpthread -lnuma -lrt  >&5
configure:6351: $? = 0
configure:6351: result: yes
configure:6356: checking for pcap_datalink_val_to_description
configure:6356: gcc -o conftest -DINET6 -g -O2   conftest.c ./../libpcap/libpcap.a   ../lib/libpfring.a -lpthread -lnuma -lrt  >&5
configure:6356: $? = 0
configure:6356: result: yes
configure:6386: checking for pcap_breakloop
configure:6386: gcc -o conftest -DINET6 -g -O2   conftest.c ./../libpcap/libpcap.a   ../lib/libpfring.a -lpthread -lnuma -lrt  >&5
configure:6386: $? = 0
configure:6386: result: yes
configure:6396: checking for pcap_dump_ftell
configure:6396: gcc -o conftest -DINET6 -g -O2   conftest.c ./../libpcap/libpcap.a   ../lib/libpfring.a -lpthread -lnuma -lrt  >&5
configure:6396: $? = 0
configure:6396: result: yes
configure:6425: checking for inet_ntop
configure:6442: gcc -o conftest -DINET6 -g -O2   conftest.c ./../libpcap/libpcap.a   ../lib/libpfring.a -lpthread -lnuma -lrt  >&5
configure:6442: $? = 0
configure:6443: result: yes
configure:6457: checking for inet_pton
configure:6474: gcc -o conftest -DINET6 -g -O2   conftest.c ./../libpcap/libpcap.a   ../lib/libpfring.a -lpthread -lnuma -lrt  >&5
configure:6474: $? = 0
configure:6475: result: yes
configure:6489: checking for inet_aton
configure:6506: gcc -o conftest -DINET6 -g -O2   conftest.c ./../libpcap/libpcap.a   ../lib/libpfring.a -lpthread -lnuma -lrt  >&5
configure:6506: $? = 0
configure:6507: result: yes
configure:6537: checking for ether_ntohost
configure:6537: gcc -o conftest -DINET6 -g -O2   conftest.c ./../libpcap/libpcap.a   ../lib/libpfring.a -lpthread -lnuma -lrt  >&5
configure:6537: $? = 0
configure:6537: result: yes
configure:6543: checking for buggy ether_ntohost
configure:6571: gcc -o conftest -DINET6 -g -O2   conftest.c ./../libpcap/libpcap.a   ../lib/libpfring.a -lpthread -lnuma -lrt  >&5
conftest.c: In function 'main':
conftest.c:71:4: warning: incompatible implicit declaration of built-in function 'exit'
    exit(0);
    ^
configure:6571: $? = 0
configure:6571: ./conftest
configure:6571: $? = 0
configure:6581: result: no
configure:6600: checking whether ether_ntohost is declared
configure:6600: gcc -c -DINET6 -g -O2  conftest.c >&5
conftest.c: In function 'main':
conftest.c:77:10: error: 'ether_ntohost' undeclared (first use in this function)
   (void) ether_ntohost;
          ^
conftest.c:77:10: note: each undeclared identifier is reported only once for each function it appears in
configure:6600: $? = 1
configure: failed program was:
| /* confdefs.h */
| #define PACKAGE_NAME ""
| #define PACKAGE_TARNAME ""
| #define PACKAGE_VERSION ""
| #define PACKAGE_STRING ""
| #define PACKAGE_BUGREPORT ""
| #define PACKAGE_URL ""
| #define inline inline
| #define HAVE___ATTRIBUTE__ 1
| #define __ATTRIBUTE___FORMAT_OK_FOR_FUNCTION_POINTERS 1
| #define STDC_HEADERS 1
| #define HAVE_SYS_TYPES_H 1
| #define HAVE_SYS_STAT_H 1
| #define HAVE_STDLIB_H 1
| #define HAVE_STRING_H 1
| #define HAVE_MEMORY_H 1
| #define HAVE_STRINGS_H 1
| #define HAVE_INTTYPES_H 1
| #define HAVE_STDINT_H 1
| #define HAVE_UNISTD_H 1
| #define HAVE_FCNTL_H 1
| #define HAVE_NETINET_IF_ETHER_H 1
| #define TIME_WITH_SYS_TIME 1
| #define TCPDUMP_DO_SMB 1
| #define INET6 1
| #define HAVE_GETNAMEINFO 1
| #define SIZEOF_CHAR 1
| #define SIZEOF_SHORT 2
| #define SIZEOF_INT 4
| #define SIZEOF_LONG 8
| #define SIZEOF_LONG_LONG 8
| #define HAVE_ADDRINFO 1
| #define HAVE_SOCKADDR_STORAGE 1
| #define HAVE_INADDRSZ 1
| #define HAVE_IN6ADDRSZ 1
| #define HAVE_RES_USE_INET6 1
| #define HAVE_VFPRINTF 1
| #define HAVE_STRCASECMP 1
| #define HAVE_STRDUP 1
| #define HAVE_STRSEP 1
| #define HAVE_STRFTIME 1
| #define HAVE_SETLINEBUF 1
| #define HAVE_ALARM 1
| #define HAVE_VSNPRINTF 1
| #define HAVE_SNPRINTF 1
| #define RETSIGTYPE void
| #define RETSIGVAL /**/
| #define HAVE_SIGACTION 1
| #define HAVE_GETRPCBYNUMBER 1
| #define HAVE_PCAP_LIST_DATALINKS 1
| #define HAVE_PCAP_SET_DATALINK 1
| #define HAVE_PCAP_DATALINK_NAME_TO_VAL 1
| #define HAVE_PCAP_DATALINK_VAL_TO_DESCRIPTION 1
| #define HAVE_PCAP_BREAKLOOP 1
| #define HAVE_PCAP_DUMP_FTELL 1
| #define HAVE_ETHER_NTOHOST 1
| #define USE_ETHER_NTOHOST 1
| /* end confdefs.h.  */
| 
| #include <sys/types.h>
| #include <sys/socket.h>
| #include <netinet/in.h>
| #include <arpa/inet.h>
| struct mbuf;
| struct rtentry;
| #include <net/if.h>
| #include <netinet/if_ether.h>
| 
| 
| int
| main ()
| {
| #ifndef ether_ntohost
| #ifdef __cplusplus
|   (void) ether_ntohost;
| #else
|   (void) ether_ntohost;
| #endif
| #endif
| 
|   ;
|   return 0;
| }
configure:6600: result: no
configure:6629: checking netinet/ether.h usability
configure:6629: gcc -c -DINET6 -g -O2  conftest.c >&5
configure:6629: $? = 0
configure:6629: result: yes
configure:6629: checking netinet/ether.h presence
configure:6629: gcc -E  conftest.c
configure:6629: $? = 0
configure:6629: result: yes
configure:6629: checking for netinet/ether.h
configure:6629: result: yes
configure:6647: checking whether ether_ntohost is declared
configure:6647: gcc -c -DINET6 -g -O2  conftest.c >&5
configure:6647: $? = 0
configure:6647: result: yes
configure:6700: checking for dlpi_walk in -ldlpi
configure:6725: gcc -o conftest -DINET6 -g -O2   conftest.c -ldlpi -L/lib ./../libpcap/libpcap.a   ../lib/libpfring.a -lpthread -lnuma -lrt  >&5
/usr/bin/ld: cannot find -ldlpi
collect2: error: ld returned 1 exit status
configure:6725: $? = 1
configure: failed program was:
| /* confdefs.h */
| #define PACKAGE_NAME ""
| #define PACKAGE_TARNAME ""
| #define PACKAGE_VERSION ""
| #define PACKAGE_STRING ""
| #define PACKAGE_BUGREPORT ""
| #define PACKAGE_URL ""
| #define inline inline
| #define HAVE___ATTRIBUTE__ 1
| #define __ATTRIBUTE___FORMAT_OK_FOR_FUNCTION_POINTERS 1
| #define STDC_HEADERS 1
| #define HAVE_SYS_TYPES_H 1
| #define HAVE_SYS_STAT_H 1
| #define HAVE_STDLIB_H 1
| #define HAVE_STRING_H 1
| #define HAVE_MEMORY_H 1
| #define HAVE_STRINGS_H 1
| #define HAVE_INTTYPES_H 1
| #define HAVE_STDINT_H 1
| #define HAVE_UNISTD_H 1
| #define HAVE_FCNTL_H 1
| #define HAVE_NETINET_IF_ETHER_H 1
| #define TIME_WITH_SYS_TIME 1
| #define TCPDUMP_DO_SMB 1
| #define INET6 1
| #define HAVE_GETNAMEINFO 1
| #define SIZEOF_CHAR 1
| #define SIZEOF_SHORT 2
| #define SIZEOF_INT 4
| #define SIZEOF_LONG 8
| #define SIZEOF_LONG_LONG 8
| #define HAVE_ADDRINFO 1
| #define HAVE_SOCKADDR_STORAGE 1
| #define HAVE_INADDRSZ 1
| #define HAVE_IN6ADDRSZ 1
| #define HAVE_RES_USE_INET6 1
| #define HAVE_VFPRINTF 1
| #define HAVE_STRCASECMP 1
| #define HAVE_STRDUP 1
| #define HAVE_STRSEP 1
| #define HAVE_STRFTIME 1
| #define HAVE_SETLINEBUF 1
| #define HAVE_ALARM 1
| #define HAVE_VSNPRINTF 1
| #define HAVE_SNPRINTF 1
| #define RETSIGTYPE void
| #define RETSIGVAL /**/
| #define HAVE_SIGACTION 1
| #define HAVE_GETRPCBYNUMBER 1
| #define HAVE_PCAP_LIST_DATALINKS 1
| #define HAVE_PCAP_SET_DATALINK 1
| #define HAVE_PCAP_DATALINK_NAME_TO_VAL 1
| #define HAVE_PCAP_DATALINK_VAL_TO_DESCRIPTION 1
| #define HAVE_PCAP_BREAKLOOP 1
| #define HAVE_PCAP_DUMP_FTELL 1
| #define HAVE_ETHER_NTOHOST 1
| #define USE_ETHER_NTOHOST 1
| #define HAVE_NETINET_ETHER_H 1
| #define NETINET_ETHER_H_DECLARES_ETHER_NTOHOST /**/
| #define HAVE_DECL_ETHER_NTOHOST 1
| /* end confdefs.h.  */
| 
| /* Override any GCC internal prototype to avoid an error.
|    Use char because int might match the return type of a GCC
|    builtin and then its argument prototype would still apply.  */
| #ifdef __cplusplus
| extern "C"
| #endif
| char dlpi_walk ();
| int
| main ()
| {
| return dlpi_walk ();
|   ;
|   return 0;
| }
configure:6734: result: no
configure:6742: checking if sockaddr struct has sa_len member
configure:6760: gcc -c -DINET6 -g -O2  conftest.c >&5
conftest.c: In function 'main':
conftest.c:68:40: error: 'struct sockaddr' has no member named 'sa_len'
 u_int i = sizeof(((struct sockaddr *)0)->sa_len)
                                        ^
configure:6760: $? = 1
configure: failed program was:
| /* confdefs.h */
| #define PACKAGE_NAME ""
| #define PACKAGE_TARNAME ""
| #define PACKAGE_VERSION ""
| #define PACKAGE_STRING ""
| #define PACKAGE_BUGREPORT ""
| #define PACKAGE_URL ""
| #define inline inline
| #define HAVE___ATTRIBUTE__ 1
| #define __ATTRIBUTE___FORMAT_OK_FOR_FUNCTION_POINTERS 1
| #define STDC_HEADERS 1
| #define HAVE_SYS_TYPES_H 1
| #define HAVE_SYS_STAT_H 1
| #define HAVE_STDLIB_H 1
| #define HAVE_STRING_H 1
| #define HAVE_MEMORY_H 1
| #define HAVE_STRINGS_H 1
| #define HAVE_INTTYPES_H 1
| #define HAVE_STDINT_H 1
| #define HAVE_UNISTD_H 1
| #define HAVE_FCNTL_H 1
| #define HAVE_NETINET_IF_ETHER_H 1
| #define TIME_WITH_SYS_TIME 1
| #define TCPDUMP_DO_SMB 1
| #define INET6 1
| #define HAVE_GETNAMEINFO 1
| #define SIZEOF_CHAR 1
| #define SIZEOF_SHORT 2
| #define SIZEOF_INT 4
| #define SIZEOF_LONG 8
| #define SIZEOF_LONG_LONG 8
| #define HAVE_ADDRINFO 1
| #define HAVE_SOCKADDR_STORAGE 1
| #define HAVE_INADDRSZ 1
| #define HAVE_IN6ADDRSZ 1
| #define HAVE_RES_USE_INET6 1
| #define HAVE_VFPRINTF 1
| #define HAVE_STRCASECMP 1
| #define HAVE_STRDUP 1
| #define HAVE_STRSEP 1
| #define HAVE_STRFTIME 1
| #define HAVE_SETLINEBUF 1
| #define HAVE_ALARM 1
| #define HAVE_VSNPRINTF 1
| #define HAVE_SNPRINTF 1
| #define RETSIGTYPE void
| #define RETSIGVAL /**/
| #define HAVE_SIGACTION 1
| #define HAVE_GETRPCBYNUMBER 1
| #define HAVE_PCAP_LIST_DATALINKS 1
| #define HAVE_PCAP_SET_DATALINK 1
| #define HAVE_PCAP_DATALINK_NAME_TO_VAL 1
| #define HAVE_PCAP_DATALINK_VAL_TO_DESCRIPTION 1
| #define HAVE_PCAP_BREAKLOOP 1
| #define HAVE_PCAP_DUMP_FTELL 1
| #define HAVE_ETHER_NTOHOST 1
| #define USE_ETHER_NTOHOST 1
| #define HAVE_NETINET_ETHER_H 1
| #define NETINET_ETHER_H_DECLARES_ETHER_NTOHOST /**/
| #define HAVE_DECL_ETHER_NTOHOST 1
| /* end confdefs.h.  */
| 
| #		include <sys/types.h>
| #		include <sys/socket.h>
| int
| main ()
| {
| u_int i = sizeof(((struct sockaddr *)0)->sa_len)
|   ;
|   return 0;
| }
configure:6768: result: no
configure:6784: checking for pcap_create
configure:6784: gcc -o conftest -DINET6 -g -O2   conftest.c ./../libpcap/libpcap.a   ../lib/libpfring.a -lpthread -lnuma -lrt  >&5
configure:6784: $? = 0
configure:6784: result: yes
configure:6797: checking for pcap_findalldevs
configure:6797: gcc -o conftest -DINET6 -g -O2   conftest.c ./../libpcap/libpcap.a   ../lib/libpfring.a -lpthread -lnuma -lrt  >&5
configure:6797: $? = 0
configure:6797: result: yes
configure:6797: checking for pcap_dump_flush
configure:6797: gcc -o conftest -DINET6 -g -O2   conftest.c ./../libpcap/libpcap.a   ../lib/libpfring.a -lpthread -lnuma -lrt  >&5
configure:6797: $? = 0
configure:6797: result: yes
configure:6797: checking for pcap_lib_version
configure:6797: gcc -o conftest -DINET6 -g -O2   conftest.c ./../libpcap/libpcap.a   ../lib/libpfring.a -lpthread -lnuma -lrt  >&5
configure:6797: $? = 0
configure:6797: result: yes
configure:6809: checking for pcap_if_t
configure:6809: gcc -c -DINET6 -g -O2  -I./../libpcap  conftest.c >&5
configure:6809: $? = 0
configure:6809: gcc -c -DINET6 -g -O2  -I./../libpcap  conftest.c >&5
conftest.c: In function 'main':
conftest.c:71:24: error: expected expression before ')' token
 if (sizeof ((pcap_if_t)))
                        ^
configure:6809: $? = 1
configure: failed program was:
| /* confdefs.h */
| #define PACKAGE_NAME ""
| #define PACKAGE_TARNAME ""
| #define PACKAGE_VERSION ""
| #define PACKAGE_STRING ""
| #define PACKAGE_BUGREPORT ""
| #define PACKAGE_URL ""
| #define inline inline
| #define HAVE___ATTRIBUTE__ 1
| #define __ATTRIBUTE___FORMAT_OK_FOR_FUNCTION_POINTERS 1
| #define STDC_HEADERS 1
| #define HAVE_SYS_TYPES_H 1
| #define HAVE_SYS_STAT_H 1
| #define HAVE_STDLIB_H 1
| #define HAVE_STRING_H 1
| #define HAVE_MEMORY_H 1
| #define HAVE_STRINGS_H 1
| #define HAVE_INTTYPES_H 1
| #define HAVE_STDINT_H 1
| #define HAVE_UNISTD_H 1
| #define HAVE_FCNTL_H 1
| #define HAVE_NETINET_IF_ETHER_H 1
| #define TIME_WITH_SYS_TIME 1
| #define TCPDUMP_DO_SMB 1
| #define INET6 1
| #define HAVE_GETNAMEINFO 1
| #define SIZEOF_CHAR 1
| #define SIZEOF_SHORT 2
| #define SIZEOF_INT 4
| #define SIZEOF_LONG 8
| #define SIZEOF_LONG_LONG 8
| #define HAVE_ADDRINFO 1
| #define HAVE_SOCKADDR_STORAGE 1
| #define HAVE_INADDRSZ 1
| #define HAVE_IN6ADDRSZ 1
| #define HAVE_RES_USE_INET6 1
| #define HAVE_VFPRINTF 1
| #define HAVE_STRCASECMP 1
| #define HAVE_STRDUP 1
| #define HAVE_STRSEP 1
| #define HAVE_STRFTIME 1
| #define HAVE_SETLINEBUF 1
| #define HAVE_ALARM 1
| #define HAVE_VSNPRINTF 1
| #define HAVE_SNPRINTF 1
| #define RETSIGTYPE void
| #define RETSIGVAL /**/
| #define HAVE_SIGACTION 1
| #define HAVE_GETRPCBYNUMBER 1
| #define HAVE_PCAP_LIST_DATALINKS 1
| #define HAVE_PCAP_SET_DATALINK 1
| #define HAVE_PCAP_DATALINK_NAME_TO_VAL 1
| #define HAVE_PCAP_DATALINK_VAL_TO_DESCRIPTION 1
| #define HAVE_PCAP_BREAKLOOP 1
| #define HAVE_PCAP_DUMP_FTELL 1
| #define HAVE_ETHER_NTOHOST 1
| #define USE_ETHER_NTOHOST 1
| #define HAVE_NETINET_ETHER_H 1
| #define NETINET_ETHER_H_DECLARES_ETHER_NTOHOST /**/
| #define HAVE_DECL_ETHER_NTOHOST 1
| #define HAVE_PCAP_CREATE 1
| #define HAVE_PCAP_FINDALLDEVS 1
| #define HAVE_PCAP_DUMP_FLUSH 1
| #define HAVE_PCAP_LIB_VERSION 1
| /* end confdefs.h.  */
| #include <pcap.h>
| 
| int
| main ()
| {
| if (sizeof ((pcap_if_t)))
| 	    return 0;
|   ;
|   return 0;
| }
configure:6809: result: yes
configure:6858: checking whether pcap_debug is defined by libpcap
configure:6875: gcc -o conftest -DINET6 -g -O2   conftest.c ./../libpcap/libpcap.a   ../lib/libpfring.a -lpthread -lnuma -lrt  >&5
/tmp/cckWzrUA.o: In function `main':
/home/bram/PF_RING/userland/tcpdump-4.1.1/conftest.c:78: undefined reference to `pcap_debug'
collect2: error: ld returned 1 exit status
configure:6875: $? = 1
configure: failed program was:
| /* confdefs.h */
| #define PACKAGE_NAME ""
| #define PACKAGE_TARNAME ""
| #define PACKAGE_VERSION ""
| #define PACKAGE_STRING ""
| #define PACKAGE_BUGREPORT ""
| #define PACKAGE_URL ""
| #define inline inline
| #define HAVE___ATTRIBUTE__ 1
| #define __ATTRIBUTE___FORMAT_OK_FOR_FUNCTION_POINTERS 1
| #define STDC_HEADERS 1
| #define HAVE_SYS_TYPES_H 1
| #define HAVE_SYS_STAT_H 1
| #define HAVE_STDLIB_H 1
| #define HAVE_STRING_H 1
| #define HAVE_MEMORY_H 1
| #define HAVE_STRINGS_H 1
| #define HAVE_INTTYPES_H 1
| #define HAVE_STDINT_H 1
| #define HAVE_UNISTD_H 1
| #define HAVE_FCNTL_H 1
| #define HAVE_NETINET_IF_ETHER_H 1
| #define TIME_WITH_SYS_TIME 1
| #define TCPDUMP_DO_SMB 1
| #define INET6 1
| #define HAVE_GETNAMEINFO 1
| #define SIZEOF_CHAR 1
| #define SIZEOF_SHORT 2
| #define SIZEOF_INT 4
| #define SIZEOF_LONG 8
| #define SIZEOF_LONG_LONG 8
| #define HAVE_ADDRINFO 1
| #define HAVE_SOCKADDR_STORAGE 1
| #define HAVE_INADDRSZ 1
| #define HAVE_IN6ADDRSZ 1
| #define HAVE_RES_USE_INET6 1
| #define HAVE_VFPRINTF 1
| #define HAVE_STRCASECMP 1
| #define HAVE_STRDUP 1
| #define HAVE_STRSEP 1
| #define HAVE_STRFTIME 1
| #define HAVE_SETLINEBUF 1
| #define HAVE_ALARM 1
| #define HAVE_VSNPRINTF 1
| #define HAVE_SNPRINTF 1
| #define RETSIGTYPE void
| #define RETSIGVAL /**/
| #define HAVE_SIGACTION 1
| #define HAVE_GETRPCBYNUMBER 1
| #define HAVE_PCAP_LIST_DATALINKS 1
| #define HAVE_PCAP_SET_DATALINK 1
| #define HAVE_PCAP_DATALINK_NAME_TO_VAL 1
| #define HAVE_PCAP_DATALINK_VAL_TO_DESCRIPTION 1
| #define HAVE_PCAP_BREAKLOOP 1
| #define HAVE_PCAP_DUMP_FTELL 1
| #define HAVE_ETHER_NTOHOST 1
| #define USE_ETHER_NTOHOST 1
| #define HAVE_NETINET_ETHER_H 1
| #define NETINET_ETHER_H_DECLARES_ETHER_NTOHOST /**/
| #define HAVE_DECL_ETHER_NTOHOST 1
| #define HAVE_PCAP_CREATE 1
| #define HAVE_PCAP_FINDALLDEVS 1
| #define HAVE_PCAP_DUMP_FLUSH 1
| #define HAVE_PCAP_LIB_VERSION 1
| #define HAVE_PCAP_IF_T 1
| /* end confdefs.h.  */
| 
| int
| main ()
| {
| 
| 	extern int pcap_debug;
| 
| 	return pcap_debug;
| 
|   ;
|   return 0;
| }
configure:6888: result: no
configure:6893: checking whether yydebug is defined by libpcap
configure:6910: gcc -o conftest -DINET6 -g -O2   conftest.c ./../libpcap/libpcap.a   ../lib/libpfring.a -lpthread -lnuma -lrt  >&5
configure:6910: $? = 0
configure:6918: result: yes
configure:6927: checking for bpf_dump
configure:6927: gcc -o conftest -DINET6 -g -O2   conftest.c ./../libpcap/libpcap.a   ../lib/libpfring.a -lpthread -lnuma -lrt  >&5
configure:6927: $? = 0
configure:6927: result: yes
configure:7009: checking pcap/bluetooth.h usability
configure:7009: gcc -c -DINET6 -g -O2  -I./../libpcap  conftest.c >&5
configure:7009: $? = 0
configure:7009: result: yes
configure:7009: checking pcap/bluetooth.h presence
configure:7009: gcc -E  -I./../libpcap  conftest.c
configure:7009: $? = 0
configure:7009: result: yes
configure:7009: checking for pcap/bluetooth.h
configure:7009: result: yes
configure:7021: checking pcap/usb.h usability
configure:7021: gcc -c -DINET6 -g -O2  -I./../libpcap  conftest.c >&5
configure:7021: $? = 0
configure:7021: result: yes
configure:7021: checking pcap/usb.h presence
configure:7021: gcc -E  -I./../libpcap  conftest.c
configure:7021: $? = 0
configure:7021: result: yes
configure:7021: checking for pcap/usb.h
configure:7021: result: yes
configure:7035: checking sys/bitypes.h usability
configure:7035: gcc -c -DINET6 -g -O2  conftest.c >&5
configure:7035: $? = 0
configure:7035: result: yes
configure:7035: checking sys/bitypes.h presence
configure:7035: gcc -E  conftest.c
configure:7035: $? = 0
configure:7035: result: yes
configure:7035: checking for sys/bitypes.h
configure:7035: result: yes
configure:7046: checking for int8_t
configure:7046: gcc -c -DINET6 -g -O2  conftest.c >&5
configure:7046: $? = 0
configure:7046: gcc -c -DINET6 -g -O2  conftest.c >&5
conftest.c: In function 'main':
conftest.c:112:21: error: expected expression before ')' token
 if (sizeof ((int8_t)))
                     ^
configure:7046: $? = 1
configure: failed program was:
| /* confdefs.h */
| #define PACKAGE_NAME ""
| #define PACKAGE_TARNAME ""
| #define PACKAGE_VERSION ""
| #define PACKAGE_STRING ""
| #define PACKAGE_BUGREPORT ""
| #define PACKAGE_URL ""
| #define inline inline
| #define HAVE___ATTRIBUTE__ 1
| #define __ATTRIBUTE___FORMAT_OK_FOR_FUNCTION_POINTERS 1
| #define STDC_HEADERS 1
| #define HAVE_SYS_TYPES_H 1
| #define HAVE_SYS_STAT_H 1
| #define HAVE_STDLIB_H 1
| #define HAVE_STRING_H 1
| #define HAVE_MEMORY_H 1
| #define HAVE_STRINGS_H 1
| #define HAVE_INTTYPES_H 1
| #define HAVE_STDINT_H 1
| #define HAVE_UNISTD_H 1
| #define HAVE_FCNTL_H 1
| #define HAVE_NETINET_IF_ETHER_H 1
| #define TIME_WITH_SYS_TIME 1
| #define TCPDUMP_DO_SMB 1
| #define INET6 1
| #define HAVE_GETNAMEINFO 1
| #define SIZEOF_CHAR 1
| #define SIZEOF_SHORT 2
| #define SIZEOF_INT 4
| #define SIZEOF_LONG 8
| #define SIZEOF_LONG_LONG 8
| #define HAVE_ADDRINFO 1
| #define HAVE_SOCKADDR_STORAGE 1
| #define HAVE_INADDRSZ 1
| #define HAVE_IN6ADDRSZ 1
| #define HAVE_RES_USE_INET6 1
| #define HAVE_VFPRINTF 1
| #define HAVE_STRCASECMP 1
| #define HAVE_STRDUP 1
| #define HAVE_STRSEP 1
| #define HAVE_STRFTIME 1
| #define HAVE_SETLINEBUF 1
| #define HAVE_ALARM 1
| #define HAVE_VSNPRINTF 1
| #define HAVE_SNPRINTF 1
| #define RETSIGTYPE void
| #define RETSIGVAL /**/
| #define HAVE_SIGACTION 1
| #define HAVE_GETRPCBYNUMBER 1
| #define HAVE_PCAP_LIST_DATALINKS 1
| #define HAVE_PCAP_SET_DATALINK 1
| #define HAVE_PCAP_DATALINK_NAME_TO_VAL 1
| #define HAVE_PCAP_DATALINK_VAL_TO_DESCRIPTION 1
| #define HAVE_PCAP_BREAKLOOP 1
| #define HAVE_PCAP_DUMP_FTELL 1
| #define HAVE_ETHER_NTOHOST 1
| #define USE_ETHER_NTOHOST 1
| #define HAVE_NETINET_ETHER_H 1
| #define NETINET_ETHER_H_DECLARES_ETHER_NTOHOST /**/
| #define HAVE_DECL_ETHER_NTOHOST 1
| #define HAVE_PCAP_CREATE 1
| #define HAVE_PCAP_FINDALLDEVS 1
| #define HAVE_PCAP_DUMP_FLUSH 1
| #define HAVE_PCAP_LIB_VERSION 1
| #define HAVE_PCAP_IF_T 1
| #define HAVE_YYDEBUG 1
| #define HAVE_BPF_DUMP 1
| #define HAVE_PCAP_BLUETOOTH_H 1
| #define HAVE_PCAP_USB_H 1
| #define HAVE_SYS_BITYPES_H 1
| /* end confdefs.h.  */
| #include <stdio.h>
| #ifdef HAVE_SYS_TYPES_H
| # include <sys/types.h>
| #endif
| #ifdef HAVE_SYS_STAT_H
| # include <sys/stat.h>
| #endif
| #ifdef STDC_HEADERS
| # include <stdlib.h>
| # include <stddef.h>
| #else
| # ifdef HAVE_STDLIB_H
| #  include <stdlib.h>
| # endif
| #endif
| #ifdef HAVE_STRING_H
| # if !defined STDC_HEADERS && defined HAVE_MEMORY_H
| #  include <memory.h>
| # endif
| # include <string.h>
| #endif
| #ifdef HAVE_STRINGS_H
| # include <strings.h>
| #endif
| #ifdef HAVE_INTTYPES_H
| # include <inttypes.h>
| #endif
| #ifdef HAVE_STDINT_H
| # include <stdint.h>
| #endif
| #ifdef HAVE_UNISTD_H
| # include <unistd.h>
| #endif
| #ifdef HAVE_SYS_BITYPES_H
| #include <sys/bitypes.h>
| #endif
| 
| int
| main ()
| {
| if (sizeof ((int8_t)))
| 	    return 0;
|   ;
|   return 0;
| }
configure:7046: result: yes
configure:7059: checking for u_int8_t
configure:7059: gcc -c -DINET6 -g -O2  conftest.c >&5
configure:7059: $? = 0
configure:7059: gcc -c -DINET6 -g -O2  conftest.c >&5
conftest.c: In function 'main':
conftest.c:112:23: error: expected expression before ')' token
 if (sizeof ((u_int8_t)))
                       ^
configure:7059: $? = 1
configure: failed program was:
| /* confdefs.h */
| #define PACKAGE_NAME ""
| #define PACKAGE_TARNAME ""
| #define PACKAGE_VERSION ""
| #define PACKAGE_STRING ""
| #define PACKAGE_BUGREPORT ""
| #define PACKAGE_URL ""
| #define inline inline
| #define HAVE___ATTRIBUTE__ 1
| #define __ATTRIBUTE___FORMAT_OK_FOR_FUNCTION_POINTERS 1
| #define STDC_HEADERS 1
| #define HAVE_SYS_TYPES_H 1
| #define HAVE_SYS_STAT_H 1
| #define HAVE_STDLIB_H 1
| #define HAVE_STRING_H 1
| #define HAVE_MEMORY_H 1
| #define HAVE_STRINGS_H 1
| #define HAVE_INTTYPES_H 1
| #define HAVE_STDINT_H 1
| #define HAVE_UNISTD_H 1
| #define HAVE_FCNTL_H 1
| #define HAVE_NETINET_IF_ETHER_H 1
| #define TIME_WITH_SYS_TIME 1
| #define TCPDUMP_DO_SMB 1
| #define INET6 1
| #define HAVE_GETNAMEINFO 1
| #define SIZEOF_CHAR 1
| #define SIZEOF_SHORT 2
| #define SIZEOF_INT 4
| #define SIZEOF_LONG 8
| #define SIZEOF_LONG_LONG 8
| #define HAVE_ADDRINFO 1
| #define HAVE_SOCKADDR_STORAGE 1
| #define HAVE_INADDRSZ 1
| #define HAVE_IN6ADDRSZ 1
| #define HAVE_RES_USE_INET6 1
| #define HAVE_VFPRINTF 1
| #define HAVE_STRCASECMP 1
| #define HAVE_STRDUP 1
| #define HAVE_STRSEP 1
| #define HAVE_STRFTIME 1
| #define HAVE_SETLINEBUF 1
| #define HAVE_ALARM 1
| #define HAVE_VSNPRINTF 1
| #define HAVE_SNPRINTF 1
| #define RETSIGTYPE void
| #define RETSIGVAL /**/
| #define HAVE_SIGACTION 1
| #define HAVE_GETRPCBYNUMBER 1
| #define HAVE_PCAP_LIST_DATALINKS 1
| #define HAVE_PCAP_SET_DATALINK 1
| #define HAVE_PCAP_DATALINK_NAME_TO_VAL 1
| #define HAVE_PCAP_DATALINK_VAL_TO_DESCRIPTION 1
| #define HAVE_PCAP_BREAKLOOP 1
| #define HAVE_PCAP_DUMP_FTELL 1
| #define HAVE_ETHER_NTOHOST 1
| #define USE_ETHER_NTOHOST 1
| #define HAVE_NETINET_ETHER_H 1
| #define NETINET_ETHER_H_DECLARES_ETHER_NTOHOST /**/
| #define HAVE_DECL_ETHER_NTOHOST 1
| #define HAVE_PCAP_CREATE 1
| #define HAVE_PCAP_FINDALLDEVS 1
| #define HAVE_PCAP_DUMP_FLUSH 1
| #define HAVE_PCAP_LIB_VERSION 1
| #define HAVE_PCAP_IF_T 1
| #define HAVE_YYDEBUG 1
| #define HAVE_BPF_DUMP 1
| #define HAVE_PCAP_BLUETOOTH_H 1
| #define HAVE_PCAP_USB_H 1
| #define HAVE_SYS_BITYPES_H 1
| /* end confdefs.h.  */
| #include <stdio.h>
| #ifdef HAVE_SYS_TYPES_H
| # include <sys/types.h>
| #endif
| #ifdef HAVE_SYS_STAT_H
| # include <sys/stat.h>
| #endif
| #ifdef STDC_HEADERS
| # include <stdlib.h>
| # include <stddef.h>
| #else
| # ifdef HAVE_STDLIB_H
| #  include <stdlib.h>
| # endif
| #endif
| #ifdef HAVE_STRING_H
| # if !defined STDC_HEADERS && defined HAVE_MEMORY_H
| #  include <memory.h>
| # endif
| # include <string.h>
| #endif
| #ifdef HAVE_STRINGS_H
| # include <strings.h>
| #endif
| #ifdef HAVE_INTTYPES_H
| # include <inttypes.h>
| #endif
| #ifdef HAVE_STDINT_H
| # include <stdint.h>
| #endif
| #ifdef HAVE_UNISTD_H
| # include <unistd.h>
| #endif
| #ifdef HAVE_SYS_BITYPES_H
| #include <sys/bitypes.h>
| #endif
| 
| int
| main ()
| {
| if (sizeof ((u_int8_t)))
| 	    return 0;
|   ;
|   return 0;
| }
configure:7059: result: yes
configure:7072: checking for int16_t
configure:7072: gcc -c -DINET6 -g -O2  conftest.c >&5
configure:7072: $? = 0
configure:7072: gcc -c -DINET6 -g -O2  conftest.c >&5
conftest.c: In function 'main':
conftest.c:108:22: error: expected expression before ')' token
 if (sizeof ((int16_t)))
                      ^
configure:7072: $? = 1
configure: failed program was:
| /* confdefs.h */
| #define PACKAGE_NAME ""
| #define PACKAGE_TARNAME ""
| #define PACKAGE_VERSION ""
| #define PACKAGE_STRING ""
| #define PACKAGE_BUGREPORT ""
| #define PACKAGE_URL ""
| #define inline inline
| #define HAVE___ATTRIBUTE__ 1
| #define __ATTRIBUTE___FORMAT_OK_FOR_FUNCTION_POINTERS 1
| #define STDC_HEADERS 1
| #define HAVE_SYS_TYPES_H 1
| #define HAVE_SYS_STAT_H 1
| #define HAVE_STDLIB_H 1
| #define HAVE_STRING_H 1
| #define HAVE_MEMORY_H 1
| #define HAVE_STRINGS_H 1
| #define HAVE_INTTYPES_H 1
| #define HAVE_STDINT_H 1
| #define HAVE_UNISTD_H 1
| #define HAVE_FCNTL_H 1
| #define HAVE_NETINET_IF_ETHER_H 1
| #define TIME_WITH_SYS_TIME 1
| #define TCPDUMP_DO_SMB 1
| #define INET6 1
| #define HAVE_GETNAMEINFO 1
| #define SIZEOF_CHAR 1
| #define SIZEOF_SHORT 2
| #define SIZEOF_INT 4
| #define SIZEOF_LONG 8
| #define SIZEOF_LONG_LONG 8
| #define HAVE_ADDRINFO 1
| #define HAVE_SOCKADDR_STORAGE 1
| #define HAVE_INADDRSZ 1
| #define HAVE_IN6ADDRSZ 1
| #define HAVE_RES_USE_INET6 1
| #define HAVE_VFPRINTF 1
| #define HAVE_STRCASECMP 1
| #define HAVE_STRDUP 1
| #define HAVE_STRSEP 1
| #define HAVE_STRFTIME 1
| #define HAVE_SETLINEBUF 1
| #define HAVE_ALARM 1
| #define HAVE_VSNPRINTF 1
| #define HAVE_SNPRINTF 1
| #define RETSIGTYPE void
| #define RETSIGVAL /**/
| #define HAVE_SIGACTION 1
| #define HAVE_GETRPCBYNUMBER 1
| #define HAVE_PCAP_LIST_DATALINKS 1
| #define HAVE_PCAP_SET_DATALINK 1
| #define HAVE_PCAP_DATALINK_NAME_TO_VAL 1
| #define HAVE_PCAP_DATALINK_VAL_TO_DESCRIPTION 1
| #define HAVE_PCAP_BREAKLOOP 1
| #define HAVE_PCAP_DUMP_FTELL 1
| #define HAVE_ETHER_NTOHOST 1
| #define USE_ETHER_NTOHOST 1
| #define HAVE_NETINET_ETHER_H 1
| #define NETINET_ETHER_H_DECLARES_ETHER_NTOHOST /**/
| #define HAVE_DECL_ETHER_NTOHOST 1
| #define HAVE_PCAP_CREATE 1
| #define HAVE_PCAP_FINDALLDEVS 1
| #define HAVE_PCAP_DUMP_FLUSH 1
| #define HAVE_PCAP_LIB_VERSION 1
| #define HAVE_PCAP_IF_T 1
| #define HAVE_YYDEBUG 1
| #define HAVE_BPF_DUMP 1
| #define HAVE_PCAP_BLUETOOTH_H 1
| #define HAVE_PCAP_USB_H 1
| #define HAVE_SYS_BITYPES_H 1
| /* end confdefs.h.  */
| #include <stdio.h>
| #ifdef HAVE_SYS_TYPES_H
| # include <sys/types.h>
| #endif
| #ifdef HAVE_SYS_STAT_H
| # include <sys/stat.h>
| #endif
| #ifdef STDC_HEADERS
| # include <stdlib.h>
| # include <stddef.h>
| #else
| # ifdef HAVE_STDLIB_H
| #  include <stdlib.h>
| # endif
| #endif
| #ifdef HAVE_STRING_H
| # if !defined STDC_HEADERS && defined HAVE_MEMORY_H
| #  include <memory.h>
| # endif
| # include <string.h>
| #endif
| #ifdef HAVE_STRINGS_H
| # include <strings.h>
| #endif
| #ifdef HAVE_INTTYPES_H
| # include <inttypes.h>
| #endif
| #ifdef HAVE_STDINT_H
| # include <stdint.h>
| #endif
| #ifdef HAVE_UNISTD_H
| # include <unistd.h>
| #endif
| int
| main ()
| {
| if (sizeof ((int16_t)))
| 	    return 0;
|   ;
|   return 0;
| }
configure:7072: result: yes
configure:7085: checking for u_int16_t
configure:7085: gcc -c -DINET6 -g -O2  conftest.c >&5
configure:7085: $? = 0
configure:7085: gcc -c -DINET6 -g -O2  conftest.c >&5
conftest.c: In function 'main':
conftest.c:112:24: error: expected expression before ')' token
 if (sizeof ((u_int16_t)))
                        ^
configure:7085: $? = 1
configure: failed program was:
| /* confdefs.h */
| #define PACKAGE_NAME ""
| #define PACKAGE_TARNAME ""
| #define PACKAGE_VERSION ""
| #define PACKAGE_STRING ""
| #define PACKAGE_BUGREPORT ""
| #define PACKAGE_URL ""
| #define inline inline
| #define HAVE___ATTRIBUTE__ 1
| #define __ATTRIBUTE___FORMAT_OK_FOR_FUNCTION_POINTERS 1
| #define STDC_HEADERS 1
| #define HAVE_SYS_TYPES_H 1
| #define HAVE_SYS_STAT_H 1
| #define HAVE_STDLIB_H 1
| #define HAVE_STRING_H 1
| #define HAVE_MEMORY_H 1
| #define HAVE_STRINGS_H 1
| #define HAVE_INTTYPES_H 1
| #define HAVE_STDINT_H 1
| #define HAVE_UNISTD_H 1
| #define HAVE_FCNTL_H 1
| #define HAVE_NETINET_IF_ETHER_H 1
| #define TIME_WITH_SYS_TIME 1
| #define TCPDUMP_DO_SMB 1
| #define INET6 1
| #define HAVE_GETNAMEINFO 1
| #define SIZEOF_CHAR 1
| #define SIZEOF_SHORT 2
| #define SIZEOF_INT 4
| #define SIZEOF_LONG 8
| #define SIZEOF_LONG_LONG 8
| #define HAVE_ADDRINFO 1
| #define HAVE_SOCKADDR_STORAGE 1
| #define HAVE_INADDRSZ 1
| #define HAVE_IN6ADDRSZ 1
| #define HAVE_RES_USE_INET6 1
| #define HAVE_VFPRINTF 1
| #define HAVE_STRCASECMP 1
| #define HAVE_STRDUP 1
| #define HAVE_STRSEP 1
| #define HAVE_STRFTIME 1
| #define HAVE_SETLINEBUF 1
| #define HAVE_ALARM 1
| #define HAVE_VSNPRINTF 1
| #define HAVE_SNPRINTF 1
| #define RETSIGTYPE void
| #define RETSIGVAL /**/
| #define HAVE_SIGACTION 1
| #define HAVE_GETRPCBYNUMBER 1
| #define HAVE_PCAP_LIST_DATALINKS 1
| #define HAVE_PCAP_SET_DATALINK 1
| #define HAVE_PCAP_DATALINK_NAME_TO_VAL 1
| #define HAVE_PCAP_DATALINK_VAL_TO_DESCRIPTION 1
| #define HAVE_PCAP_BREAKLOOP 1
| #define HAVE_PCAP_DUMP_FTELL 1
| #define HAVE_ETHER_NTOHOST 1
| #define USE_ETHER_NTOHOST 1
| #define HAVE_NETINET_ETHER_H 1
| #define NETINET_ETHER_H_DECLARES_ETHER_NTOHOST /**/
| #define HAVE_DECL_ETHER_NTOHOST 1
| #define HAVE_PCAP_CREATE 1
| #define HAVE_PCAP_FINDALLDEVS 1
| #define HAVE_PCAP_DUMP_FLUSH 1
| #define HAVE_PCAP_LIB_VERSION 1
| #define HAVE_PCAP_IF_T 1
| #define HAVE_YYDEBUG 1
| #define HAVE_BPF_DUMP 1
| #define HAVE_PCAP_BLUETOOTH_H 1
| #define HAVE_PCAP_USB_H 1
| #define HAVE_SYS_BITYPES_H 1
| /* end confdefs.h.  */
| #include <stdio.h>
| #ifdef HAVE_SYS_TYPES_H
| # include <sys/types.h>
| #endif
| #ifdef HAVE_SYS_STAT_H
| # include <sys/stat.h>
| #endif
| #ifdef STDC_HEADERS
| # include <stdlib.h>
| # include <stddef.h>
| #else
| # ifdef HAVE_STDLIB_H
| #  include <stdlib.h>
| # endif
| #endif
| #ifdef HAVE_STRING_H
| # if !defined STDC_HEADERS && defined HAVE_MEMORY_H
| #  include <memory.h>
| # endif
| # include <string.h>
| #endif
| #ifdef HAVE_STRINGS_H
| # include <strings.h>
| #endif
| #ifdef HAVE_INTTYPES_H
| # include <inttypes.h>
| #endif
| #ifdef HAVE_STDINT_H
| # include <stdint.h>
| #endif
| #ifdef HAVE_UNISTD_H
| # include <unistd.h>
| #endif
| #ifdef HAVE_SYS_BITYPES_H
| #include <sys/bitypes.h>
| #endif
| 
| int
| main ()
| {
| if (sizeof ((u_int16_t)))
| 	    return 0;
|   ;
|   return 0;
| }
configure:7085: result: yes
configure:7098: checking for int32_t
configure:7098: gcc -c -DINET6 -g -O2  conftest.c >&5
configure:7098: $? = 0
configure:7098: gcc -c -DINET6 -g -O2  conftest.c >&5
conftest.c: In function 'main':
conftest.c:112:22: error: expected expression before ')' token
 if (sizeof ((int32_t)))
                      ^
configure:7098: $? = 1
configure: failed program was:
| /* confdefs.h */
| #define PACKAGE_NAME ""
| #define PACKAGE_TARNAME ""
| #define PACKAGE_VERSION ""
| #define PACKAGE_STRING ""
| #define PACKAGE_BUGREPORT ""
| #define PACKAGE_URL ""
| #define inline inline
| #define HAVE___ATTRIBUTE__ 1
| #define __ATTRIBUTE___FORMAT_OK_FOR_FUNCTION_POINTERS 1
| #define STDC_HEADERS 1
| #define HAVE_SYS_TYPES_H 1
| #define HAVE_SYS_STAT_H 1
| #define HAVE_STDLIB_H 1
| #define HAVE_STRING_H 1
| #define HAVE_MEMORY_H 1
| #define HAVE_STRINGS_H 1
| #define HAVE_INTTYPES_H 1
| #define HAVE_STDINT_H 1
| #define HAVE_UNISTD_H 1
| #define HAVE_FCNTL_H 1
| #define HAVE_NETINET_IF_ETHER_H 1
| #define TIME_WITH_SYS_TIME 1
| #define TCPDUMP_DO_SMB 1
| #define INET6 1
| #define HAVE_GETNAMEINFO 1
| #define SIZEOF_CHAR 1
| #define SIZEOF_SHORT 2
| #define SIZEOF_INT 4
| #define SIZEOF_LONG 8
| #define SIZEOF_LONG_LONG 8
| #define HAVE_ADDRINFO 1
| #define HAVE_SOCKADDR_STORAGE 1
| #define HAVE_INADDRSZ 1
| #define HAVE_IN6ADDRSZ 1
| #define HAVE_RES_USE_INET6 1
| #define HAVE_VFPRINTF 1
| #define HAVE_STRCASECMP 1
| #define HAVE_STRDUP 1
| #define HAVE_STRSEP 1
| #define HAVE_STRFTIME 1
| #define HAVE_SETLINEBUF 1
| #define HAVE_ALARM 1
| #define HAVE_VSNPRINTF 1
| #define HAVE_SNPRINTF 1
| #define RETSIGTYPE void
| #define RETSIGVAL /**/
| #define HAVE_SIGACTION 1
| #define HAVE_GETRPCBYNUMBER 1
| #define HAVE_PCAP_LIST_DATALINKS 1
| #define HAVE_PCAP_SET_DATALINK 1
| #define HAVE_PCAP_DATALINK_NAME_TO_VAL 1
| #define HAVE_PCAP_DATALINK_VAL_TO_DESCRIPTION 1
| #define HAVE_PCAP_BREAKLOOP 1
| #define HAVE_PCAP_DUMP_FTELL 1
| #define HAVE_ETHER_NTOHOST 1
| #define USE_ETHER_NTOHOST 1
| #define HAVE_NETINET_ETHER_H 1
| #define NETINET_ETHER_H_DECLARES_ETHER_NTOHOST /**/
| #define HAVE_DECL_ETHER_NTOHOST 1
| #define HAVE_PCAP_CREATE 1
| #define HAVE_PCAP_FINDALLDEVS 1
| #define HAVE_PCAP_DUMP_FLUSH 1
| #define HAVE_PCAP_LIB_VERSION 1
| #define HAVE_PCAP_IF_T 1
| #define HAVE_YYDEBUG 1
| #define HAVE_BPF_DUMP 1
| #define HAVE_PCAP_BLUETOOTH_H 1
| #define HAVE_PCAP_USB_H 1
| #define HAVE_SYS_BITYPES_H 1
| /* end confdefs.h.  */
| #include <stdio.h>
| #ifdef HAVE_SYS_TYPES_H
| # include <sys/types.h>
| #endif
| #ifdef HAVE_SYS_STAT_H
| # include <sys/stat.h>
| #endif
| #ifdef STDC_HEADERS
| # include <stdlib.h>
| # include <stddef.h>
| #else
| # ifdef HAVE_STDLIB_H
| #  include <stdlib.h>
| # endif
| #endif
| #ifdef HAVE_STRING_H
| # if !defined STDC_HEADERS && defined HAVE_MEMORY_H
| #  include <memory.h>
| # endif
| # include <string.h>
| #endif
| #ifdef HAVE_STRINGS_H
| # include <strings.h>
| #endif
| #ifdef HAVE_INTTYPES_H
| # include <inttypes.h>
| #endif
| #ifdef HAVE_STDINT_H
| # include <stdint.h>
| #endif
| #ifdef HAVE_UNISTD_H
| # include <unistd.h>
| #endif
| #ifdef HAVE_SYS_BITYPES_H
| #include <sys/bitypes.h>
| #endif
| 
| int
| main ()
| {
| if (sizeof ((int32_t)))
| 	    return 0;
|   ;
|   return 0;
| }
configure:7098: result: yes
configure:7111: checking for u_int32_t
configure:7111: gcc -c -DINET6 -g -O2  conftest.c >&5
configure:7111: $? = 0
configure:7111: gcc -c -DINET6 -g -O2  conftest.c >&5
conftest.c: In function 'main':
conftest.c:112:24: error: expected expression before ')' token
 if (sizeof ((u_int32_t)))
                        ^
configure:7111: $? = 1
configure: failed program was:
| /* confdefs.h */
| #define PACKAGE_NAME ""
| #define PACKAGE_TARNAME ""
| #define PACKAGE_VERSION ""
| #define PACKAGE_STRING ""
| #define PACKAGE_BUGREPORT ""
| #define PACKAGE_URL ""
| #define inline inline
| #define HAVE___ATTRIBUTE__ 1
| #define __ATTRIBUTE___FORMAT_OK_FOR_FUNCTION_POINTERS 1
| #define STDC_HEADERS 1
| #define HAVE_SYS_TYPES_H 1
| #define HAVE_SYS_STAT_H 1
| #define HAVE_STDLIB_H 1
| #define HAVE_STRING_H 1
| #define HAVE_MEMORY_H 1
| #define HAVE_STRINGS_H 1
| #define HAVE_INTTYPES_H 1
| #define HAVE_STDINT_H 1
| #define HAVE_UNISTD_H 1
| #define HAVE_FCNTL_H 1
| #define HAVE_NETINET_IF_ETHER_H 1
| #define TIME_WITH_SYS_TIME 1
| #define TCPDUMP_DO_SMB 1
| #define INET6 1
| #define HAVE_GETNAMEINFO 1
| #define SIZEOF_CHAR 1
| #define SIZEOF_SHORT 2
| #define SIZEOF_INT 4
| #define SIZEOF_LONG 8
| #define SIZEOF_LONG_LONG 8
| #define HAVE_ADDRINFO 1
| #define HAVE_SOCKADDR_STORAGE 1
| #define HAVE_INADDRSZ 1
| #define HAVE_IN6ADDRSZ 1
| #define HAVE_RES_USE_INET6 1
| #define HAVE_VFPRINTF 1
| #define HAVE_STRCASECMP 1
| #define HAVE_STRDUP 1
| #define HAVE_STRSEP 1
| #define HAVE_STRFTIME 1
| #define HAVE_SETLINEBUF 1
| #define HAVE_ALARM 1
| #define HAVE_VSNPRINTF 1
| #define HAVE_SNPRINTF 1
| #define RETSIGTYPE void
| #define RETSIGVAL /**/
| #define HAVE_SIGACTION 1
| #define HAVE_GETRPCBYNUMBER 1
| #define HAVE_PCAP_LIST_DATALINKS 1
| #define HAVE_PCAP_SET_DATALINK 1
| #define HAVE_PCAP_DATALINK_NAME_TO_VAL 1
| #define HAVE_PCAP_DATALINK_VAL_TO_DESCRIPTION 1
| #define HAVE_PCAP_BREAKLOOP 1
| #define HAVE_PCAP_DUMP_FTELL 1
| #define HAVE_ETHER_NTOHOST 1
| #define USE_ETHER_NTOHOST 1
| #define HAVE_NETINET_ETHER_H 1
| #define NETINET_ETHER_H_DECLARES_ETHER_NTOHOST /**/
| #define HAVE_DECL_ETHER_NTOHOST 1
| #define HAVE_PCAP_CREATE 1
| #define HAVE_PCAP_FINDALLDEVS 1
| #define HAVE_PCAP_DUMP_FLUSH 1
| #define HAVE_PCAP_LIB_VERSION 1
| #define HAVE_PCAP_IF_T 1
| #define HAVE_YYDEBUG 1
| #define HAVE_BPF_DUMP 1
| #define HAVE_PCAP_BLUETOOTH_H 1
| #define HAVE_PCAP_USB_H 1
| #define HAVE_SYS_BITYPES_H 1
| /* end confdefs.h.  */
| #include <stdio.h>
| #ifdef HAVE_SYS_TYPES_H
| # include <sys/types.h>
| #endif
| #ifdef HAVE_SYS_STAT_H
| # include <sys/stat.h>
| #endif
| #ifdef STDC_HEADERS
| # include <stdlib.h>
| # include <stddef.h>
| #else
| # ifdef HAVE_STDLIB_H
| #  include <stdlib.h>
| # endif
| #endif
| #ifdef HAVE_STRING_H
| # if !defined STDC_HEADERS && defined HAVE_MEMORY_H
| #  include <memory.h>
| # endif
| # include <string.h>
| #endif
| #ifdef HAVE_STRINGS_H
| # include <strings.h>
| #endif
| #ifdef HAVE_INTTYPES_H
| # include <inttypes.h>
| #endif
| #ifdef HAVE_STDINT_H
| # include <stdint.h>
| #endif
| #ifdef HAVE_UNISTD_H
| # include <unistd.h>
| #endif
| #ifdef HAVE_SYS_BITYPES_H
| #include <sys/bitypes.h>
| #endif
| 
| int
| main ()
| {
| if (sizeof ((u_int32_t)))
| 	    return 0;
|   ;
|   return 0;
| }
configure:7111: result: yes
configure:7124: checking for int64_t
configure:7124: gcc -c -DINET6 -g -O2  conftest.c >&5
configure:7124: $? = 0
configure:7124: gcc -c -DINET6 -g -O2  conftest.c >&5
conftest.c: In function 'main':
conftest.c:112:22: error: expected expression before ')' token
 if (sizeof ((int64_t)))
                      ^
configure:7124: $? = 1
configure: failed program was:
| /* confdefs.h */
| #define PACKAGE_NAME ""
| #define PACKAGE_TARNAME ""
| #define PACKAGE_VERSION ""
| #define PACKAGE_STRING ""
| #define PACKAGE_BUGREPORT ""
| #define PACKAGE_URL ""
| #define inline inline
| #define HAVE___ATTRIBUTE__ 1
| #define __ATTRIBUTE___FORMAT_OK_FOR_FUNCTION_POINTERS 1
| #define STDC_HEADERS 1
| #define HAVE_SYS_TYPES_H 1
| #define HAVE_SYS_STAT_H 1
| #define HAVE_STDLIB_H 1
| #define HAVE_STRING_H 1
| #define HAVE_MEMORY_H 1
| #define HAVE_STRINGS_H 1
| #define HAVE_INTTYPES_H 1
| #define HAVE_STDINT_H 1
| #define HAVE_UNISTD_H 1
| #define HAVE_FCNTL_H 1
| #define HAVE_NETINET_IF_ETHER_H 1
| #define TIME_WITH_SYS_TIME 1
| #define TCPDUMP_DO_SMB 1
| #define INET6 1
| #define HAVE_GETNAMEINFO 1
| #define SIZEOF_CHAR 1
| #define SIZEOF_SHORT 2
| #define SIZEOF_INT 4
| #define SIZEOF_LONG 8
| #define SIZEOF_LONG_LONG 8
| #define HAVE_ADDRINFO 1
| #define HAVE_SOCKADDR_STORAGE 1
| #define HAVE_INADDRSZ 1
| #define HAVE_IN6ADDRSZ 1
| #define HAVE_RES_USE_INET6 1
| #define HAVE_VFPRINTF 1
| #define HAVE_STRCASECMP 1
| #define HAVE_STRDUP 1
| #define HAVE_STRSEP 1
| #define HAVE_STRFTIME 1
| #define HAVE_SETLINEBUF 1
| #define HAVE_ALARM 1
| #define HAVE_VSNPRINTF 1
| #define HAVE_SNPRINTF 1
| #define RETSIGTYPE void
| #define RETSIGVAL /**/
| #define HAVE_SIGACTION 1
| #define HAVE_GETRPCBYNUMBER 1
| #define HAVE_PCAP_LIST_DATALINKS 1
| #define HAVE_PCAP_SET_DATALINK 1
| #define HAVE_PCAP_DATALINK_NAME_TO_VAL 1
| #define HAVE_PCAP_DATALINK_VAL_TO_DESCRIPTION 1
| #define HAVE_PCAP_BREAKLOOP 1
| #define HAVE_PCAP_DUMP_FTELL 1
| #define HAVE_ETHER_NTOHOST 1
| #define USE_ETHER_NTOHOST 1
| #define HAVE_NETINET_ETHER_H 1
| #define NETINET_ETHER_H_DECLARES_ETHER_NTOHOST /**/
| #define HAVE_DECL_ETHER_NTOHOST 1
| #define HAVE_PCAP_CREATE 1
| #define HAVE_PCAP_FINDALLDEVS 1
| #define HAVE_PCAP_DUMP_FLUSH 1
| #define HAVE_PCAP_LIB_VERSION 1
| #define HAVE_PCAP_IF_T 1
| #define HAVE_YYDEBUG 1
| #define HAVE_BPF_DUMP 1
| #define HAVE_PCAP_BLUETOOTH_H 1
| #define HAVE_PCAP_USB_H 1
| #define HAVE_SYS_BITYPES_H 1
| /* end confdefs.h.  */
| #include <stdio.h>
| #ifdef HAVE_SYS_TYPES_H
| # include <sys/types.h>
| #endif
| #ifdef HAVE_SYS_STAT_H
| # include <sys/stat.h>
| #endif
| #ifdef STDC_HEADERS
| # include <stdlib.h>
| # include <stddef.h>
| #else
| # ifdef HAVE_STDLIB_H
| #  include <stdlib.h>
| # endif
| #endif
| #ifdef HAVE_STRING_H
| # if !defined STDC_HEADERS && defined HAVE_MEMORY_H
| #  include <memory.h>
| # endif
| # include <string.h>
| #endif
| #ifdef HAVE_STRINGS_H
| # include <strings.h>
| #endif
| #ifdef HAVE_INTTYPES_H
| # include <inttypes.h>
| #endif
| #ifdef HAVE_STDINT_H
| # include <stdint.h>
| #endif
| #ifdef HAVE_UNISTD_H
| # include <unistd.h>
| #endif
| #ifdef HAVE_SYS_BITYPES_H
| #include <sys/bitypes.h>
| #endif
| 
| int
| main ()
| {
| if (sizeof ((int64_t)))
| 	    return 0;
|   ;
|   return 0;
| }
configure:7124: result: yes
configure:7137: checking for u_int64_t
configure:7137: gcc -c -DINET6 -g -O2  conftest.c >&5
configure:7137: $? = 0
configure:7137: gcc -c -DINET6 -g -O2  conftest.c >&5
conftest.c: In function 'main':
conftest.c:112:24: error: expected expression before ')' token
 if (sizeof ((u_int64_t)))
                        ^
configure:7137: $? = 1
configure: failed program was:
| /* confdefs.h */
| #define PACKAGE_NAME ""
| #define PACKAGE_TARNAME ""
| #define PACKAGE_VERSION ""
| #define PACKAGE_STRING ""
| #define PACKAGE_BUGREPORT ""
| #define PACKAGE_URL ""
| #define inline inline
| #define HAVE___ATTRIBUTE__ 1
| #define __ATTRIBUTE___FORMAT_OK_FOR_FUNCTION_POINTERS 1
| #define STDC_HEADERS 1
| #define HAVE_SYS_TYPES_H 1
| #define HAVE_SYS_STAT_H 1
| #define HAVE_STDLIB_H 1
| #define HAVE_STRING_H 1
| #define HAVE_MEMORY_H 1
| #define HAVE_STRINGS_H 1
| #define HAVE_INTTYPES_H 1
| #define HAVE_STDINT_H 1
| #define HAVE_UNISTD_H 1
| #define HAVE_FCNTL_H 1
| #define HAVE_NETINET_IF_ETHER_H 1
| #define TIME_WITH_SYS_TIME 1
| #define TCPDUMP_DO_SMB 1
| #define INET6 1
| #define HAVE_GETNAMEINFO 1
| #define SIZEOF_CHAR 1
| #define SIZEOF_SHORT 2
| #define SIZEOF_INT 4
| #define SIZEOF_LONG 8
| #define SIZEOF_LONG_LONG 8
| #define HAVE_ADDRINFO 1
| #define HAVE_SOCKADDR_STORAGE 1
| #define HAVE_INADDRSZ 1
| #define HAVE_IN6ADDRSZ 1
| #define HAVE_RES_USE_INET6 1
| #define HAVE_VFPRINTF 1
| #define HAVE_STRCASECMP 1
| #define HAVE_STRDUP 1
| #define HAVE_STRSEP 1
| #define HAVE_STRFTIME 1
| #define HAVE_SETLINEBUF 1
| #define HAVE_ALARM 1
| #define HAVE_VSNPRINTF 1
| #define HAVE_SNPRINTF 1
| #define RETSIGTYPE void
| #define RETSIGVAL /**/
| #define HAVE_SIGACTION 1
| #define HAVE_GETRPCBYNUMBER 1
| #define HAVE_PCAP_LIST_DATALINKS 1
| #define HAVE_PCAP_SET_DATALINK 1
| #define HAVE_PCAP_DATALINK_NAME_TO_VAL 1
| #define HAVE_PCAP_DATALINK_VAL_TO_DESCRIPTION 1
| #define HAVE_PCAP_BREAKLOOP 1
| #define HAVE_PCAP_DUMP_FTELL 1
| #define HAVE_ETHER_NTOHOST 1
| #define USE_ETHER_NTOHOST 1
| #define HAVE_NETINET_ETHER_H 1
| #define NETINET_ETHER_H_DECLARES_ETHER_NTOHOST /**/
| #define HAVE_DECL_ETHER_NTOHOST 1
| #define HAVE_PCAP_CREATE 1
| #define HAVE_PCAP_FINDALLDEVS 1
| #define HAVE_PCAP_DUMP_FLUSH 1
| #define HAVE_PCAP_LIB_VERSION 1
| #define HAVE_PCAP_IF_T 1
| #define HAVE_YYDEBUG 1
| #define HAVE_BPF_DUMP 1
| #define HAVE_PCAP_BLUETOOTH_H 1
| #define HAVE_PCAP_USB_H 1
| #define HAVE_SYS_BITYPES_H 1
| /* end confdefs.h.  */
| #include <stdio.h>
| #ifdef HAVE_SYS_TYPES_H
| # include <sys/types.h>
| #endif
| #ifdef HAVE_SYS_STAT_H
| # include <sys/stat.h>
| #endif
| #ifdef STDC_HEADERS
| # include <stdlib.h>
| # include <stddef.h>
| #else
| # ifdef HAVE_STDLIB_H
| #  include <stdlib.h>
| # endif
| #endif
| #ifdef HAVE_STRING_H
| # if !defined STDC_HEADERS && defined HAVE_MEMORY_H
| #  include <memory.h>
| # endif
| # include <string.h>
| #endif
| #ifdef HAVE_STRINGS_H
| # include <strings.h>
| #endif
| #ifdef HAVE_INTTYPES_H
| # include <inttypes.h>
| #endif
| #ifdef HAVE_STDINT_H
| # include <stdint.h>
| #endif
| #ifdef HAVE_UNISTD_H
| # include <unistd.h>
| #endif
| #ifdef HAVE_SYS_BITYPES_H
| #include <sys/bitypes.h>
| #endif
| 
| int
| main ()
| {
| if (sizeof ((u_int64_t)))
| 	    return 0;
|   ;
|   return 0;
| }
configure:7137: result: yes
configure:7157: checking for inttypes.h
configure:7157: result: yes
configure:7166: checking whether inttypes.h defines the PRI[doxu]64 macros
configure:7189: gcc -c -DINET6 -g -O2  conftest.c >&5
configure:7189: $? = 0
configure:7191: result: yes
configure:7507: checking for ranlib
configure:7523: found /usr/bin/ranlib
configure:7534: result: ranlib
configure:7596: checking if sockaddr struct has the sa_len member
configure:7614: gcc -c -DINET6 -g -O2  conftest.c >&5
conftest.c: In function 'main':
conftest.c:79:40: error: 'struct sockaddr' has no member named 'sa_len'
 u_int i = sizeof(((struct sockaddr *)0)->sa_len)
                                        ^
configure:7614: $? = 1
configure: failed program was:
| /* confdefs.h */
| #define PACKAGE_NAME ""
| #define PACKAGE_TARNAME ""
| #define PACKAGE_VERSION ""
| #define PACKAGE_STRING ""
| #define PACKAGE_BUGREPORT ""
| #define PACKAGE_URL ""
| #define inline inline
| #define HAVE___ATTRIBUTE__ 1
| #define __ATTRIBUTE___FORMAT_OK_FOR_FUNCTION_POINTERS 1
| #define STDC_HEADERS 1
| #define HAVE_SYS_TYPES_H 1
| #define HAVE_SYS_STAT_H 1
| #define HAVE_STDLIB_H 1
| #define HAVE_STRING_H 1
| #define HAVE_MEMORY_H 1
| #define HAVE_STRINGS_H 1
| #define HAVE_INTTYPES_H 1
| #define HAVE_STDINT_H 1
| #define HAVE_UNISTD_H 1
| #define HAVE_FCNTL_H 1
| #define HAVE_NETINET_IF_ETHER_H 1
| #define TIME_WITH_SYS_TIME 1
| #define TCPDUMP_DO_SMB 1
| #define INET6 1
| #define HAVE_GETNAMEINFO 1
| #define SIZEOF_CHAR 1
| #define SIZEOF_SHORT 2
| #define SIZEOF_INT 4
| #define SIZEOF_LONG 8
| #define SIZEOF_LONG_LONG 8
| #define HAVE_ADDRINFO 1
| #define HAVE_SOCKADDR_STORAGE 1
| #define HAVE_INADDRSZ 1
| #define HAVE_IN6ADDRSZ 1
| #define HAVE_RES_USE_INET6 1
| #define HAVE_VFPRINTF 1
| #define HAVE_STRCASECMP 1
| #define HAVE_STRDUP 1
| #define HAVE_STRSEP 1
| #define HAVE_STRFTIME 1
| #define HAVE_SETLINEBUF 1
| #define HAVE_ALARM 1
| #define HAVE_VSNPRINTF 1
| #define HAVE_SNPRINTF 1
| #define RETSIGTYPE void
| #define RETSIGVAL /**/
| #define HAVE_SIGACTION 1
| #define HAVE_GETRPCBYNUMBER 1
| #define HAVE_PCAP_LIST_DATALINKS 1
| #define HAVE_PCAP_SET_DATALINK 1
| #define HAVE_PCAP_DATALINK_NAME_TO_VAL 1
| #define HAVE_PCAP_DATALINK_VAL_TO_DESCRIPTION 1
| #define HAVE_PCAP_BREAKLOOP 1
| #define HAVE_PCAP_DUMP_FTELL 1
| #define HAVE_ETHER_NTOHOST 1
| #define USE_ETHER_NTOHOST 1
| #define HAVE_NETINET_ETHER_H 1
| #define NETINET_ETHER_H_DECLARES_ETHER_NTOHOST /**/
| #define HAVE_DECL_ETHER_NTOHOST 1
| #define HAVE_PCAP_CREATE 1
| #define HAVE_PCAP_FINDALLDEVS 1
| #define HAVE_PCAP_DUMP_FLUSH 1
| #define HAVE_PCAP_LIB_VERSION 1
| #define HAVE_PCAP_IF_T 1
| #define HAVE_YYDEBUG 1
| #define HAVE_BPF_DUMP 1
| #define HAVE_PCAP_BLUETOOTH_H 1
| #define HAVE_PCAP_USB_H 1
| #define HAVE_SYS_BITYPES_H 1
| #define HAVE_INTTYPES_H 1
| /* end confdefs.h.  */
| 
| #	include <sys/types.h>
| #	include <sys/socket.h>
| int
| main ()
| {
| u_int i = sizeof(((struct sockaddr *)0)->sa_len)
|   ;
|   return 0;
| }
configure:7622: result: no
configure:7630: checking if unaligned accesses fail
configure:7717: result: no
configure:7726: checking for h_errno
configure:7744: gcc -c -DINET6 -g -O2  conftest.c >&5
configure:7744: $? = 0
configure:7752: result: yes
configure:7761: checking whether to use SSLeay libcrypto
configure:7792: result: yes, if available
configure:7804: checking where SSLeay is located
configure:7975: result: not found
configure:8011: checking for a BSD-compatible install
configure:8079: result: /usr/bin/install -c
configure:8212: creating ./config.status

## ---------------------- ##
## Running config.status. ##
## ---------------------- ##

This file was extended by config.status, which was
generated by GNU Autoconf 2.68.  Invocation command line was

  CONFIG_FILES    = 
  CONFIG_HEADERS  = 
  CONFIG_LINKS    = 
  CONFIG_COMMANDS = 
  $ ./config.status 

on scan2.nerd.host

config.status:900: creating Makefile
config.status:1003: WARNING:  'Makefile.in' seems to ignore the --datarootdir setting
config.status:900: creating tcpdump.1
config.status:900: creating config.h
config.status:1075: config.h is unchanged
config.status:1089: executing default-1 commands

## ---------------- ##
## Cache variables. ##
## ---------------- ##

ac_cv___attribute__=yes
ac_cv___attribute___format_function_pointer=yes
ac_cv_addrinfo=yes
ac_cv_addrsz=yes
ac_cv_buggy_ether_ntohost=no
ac_cv_build=x86_64-unknown-linux-gnu
ac_cv_c_compiler_gnu=yes
ac_cv_env_CC_set=
ac_cv_env_CC_value=
ac_cv_env_CFLAGS_set=
ac_cv_env_CFLAGS_value=
ac_cv_env_CPPFLAGS_set=
ac_cv_env_CPPFLAGS_value=
ac_cv_env_CPP_set=
ac_cv_env_CPP_value=
ac_cv_env_LDFLAGS_set=
ac_cv_env_LDFLAGS_value=
ac_cv_env_LIBS_set=
ac_cv_env_LIBS_value=
ac_cv_env_build_alias_set=
ac_cv_env_build_alias_value=
ac_cv_env_host_alias_set=
ac_cv_env_host_alias_value=
ac_cv_env_target_alias_set=
ac_cv_env_target_alias_value=
ac_cv_func_alarm=yes
ac_cv_func_bpf_dump=yes
ac_cv_func_ether_ntohost=yes
ac_cv_func_getnameinfo=yes
ac_cv_func_pcap_breakloop=yes
ac_cv_func_pcap_create=yes
ac_cv_func_pcap_datalink_name_to_val=yes
ac_cv_func_pcap_datalink_val_to_description=yes
ac_cv_func_pcap_dump_flush=yes
ac_cv_func_pcap_dump_ftell=yes
ac_cv_func_pcap_findalldevs=yes
ac_cv_func_pcap_lib_version=yes
ac_cv_func_pcap_list_datalinks=yes
ac_cv_func_pcap_set_datalink=yes
ac_cv_func_setlinebuf=yes
ac_cv_func_sigaction=yes
ac_cv_func_snprintf=yes
ac_cv_func_strcasecmp=yes
ac_cv_func_strdup=yes
ac_cv_func_strftime=yes
ac_cv_func_strlcat=no
ac_cv_func_strlcpy=no
ac_cv_func_strsep=yes
ac_cv_func_vfprintf=yes
ac_cv_func_vsnprintf=yes
ac_cv_have_decl_ether_ntohost=yes
ac_cv_header_fcntl_h=yes
ac_cv_header_inttypes_h=yes
ac_cv_header_memory_h=yes
ac_cv_header_net_pfvar_h=no
ac_cv_header_netdnet_dnetdb_h=no
ac_cv_header_netinet_ether_h=yes
ac_cv_header_netinet_if_ether_h=yes
ac_cv_header_pcap_bluetooth_h=yes
ac_cv_header_pcap_usb_h=yes
ac_cv_header_rpc_rpcent_h=no
ac_cv_header_smi_h=no
ac_cv_header_stdc=yes
ac_cv_header_stdint_h=yes
ac_cv_header_stdlib_h=yes
ac_cv_header_string_h=yes
ac_cv_header_strings_h=yes
ac_cv_header_sys_bitypes_h=yes
ac_cv_header_sys_stat_h=yes
ac_cv_header_sys_types_h=yes
ac_cv_header_time=yes
ac_cv_header_unistd_h=yes
ac_cv_host=x86_64-unknown-linux-gnu
ac_cv_in6addrsz=yes
ac_cv_inaddrsz=yes
ac_cv_lbl_gcc_vers=4
ac_cv_lbl_inline=inline
ac_cv_lbl_sockaddr_has_sa_len=no
ac_cv_lbl_unaligned_fail=no
ac_cv_lib_dlpi_dlpi_walk=no
ac_cv_lib_rdi_rdi_init=no
ac_cv_lib_rpc_main=no
ac_cv_lib_smi_smiInit=no
ac_cv_linux_vers=3
ac_cv_maxserv=yes
ac_cv_namereqd=yes
ac_cv_objext=o
ac_cv_path_EGREP='/bin/grep -E'
ac_cv_path_GREP=/bin/grep
ac_cv_path_PCAP_CONFIG=./../libpcap/pcap-config
ac_cv_path_install='/usr/bin/install -c'
ac_cv_prog_CPP='gcc -E'
ac_cv_prog_ac_ct_CC=gcc
ac_cv_prog_ac_ct_RANLIB=ranlib
ac_cv_prog_cc_c89=
ac_cv_prog_cc_g=yes
ac_cv_res_inet6=yes
ac_cv_res_state=no
ac_cv_res_state_ext=no
ac_cv_sa_storage=yes
ac_cv_search_dnet_htoa=no
ac_cv_search_getaddrinfo='none required'
ac_cv_search_gethostbyname='none required'
ac_cv_search_getrpcbynumber='none required'
ac_cv_search_putmsg='none required'
ac_cv_search_socket='none required'
ac_cv_sizeof_char=1
ac_cv_sizeof_int=4
ac_cv_sizeof_long=8
ac_cv_sizeof_long_long=8
ac_cv_sizeof_short=2
ac_cv_sockaddr_has_sa_len=no
ac_cv_ssleay_path=no
ac_cv_type_int16_t=yes
ac_cv_type_int32_t=yes
ac_cv_type_int64_t=yes
ac_cv_type_int8_t=yes
ac_cv_type_pcap_if_t=yes
ac_cv_type_signal=void
ac_cv_type_u_int16_t=yes
ac_cv_type_u_int32_t=yes
ac_cv_type_u_int64_t=yes
ac_cv_type_u_int8_t=yes
ac_cv_var_h_errno=yes
ac_lbl_cv_pcap_debug_defined=no
ac_lbl_cv_yydebug_defined=yes
td_cv_buggygetaddrinfo=no
td_cv_decl_netdnet_dnetdb_h_dnet_htoa=no

## ----------------- ##
## Output variables. ##
## ----------------- ##

CC='gcc'
CFLAGS='-DINET6 -g -O2'
CPP='gcc -E'
CPPFLAGS=' -I$(srcdir)/missing'
DEFS='-DHAVE_CONFIG_H'
ECHO_C=''
ECHO_N='-n'
ECHO_T=''
EGREP='/bin/grep -E'
EXEEXT=''
GREP='/bin/grep'
INSTALL_DATA='${INSTALL} -m 644'
INSTALL_PROGRAM='${INSTALL}'
INSTALL_SCRIPT='${INSTALL}'
LDFLAGS=''
LIBOBJS=' ${LIBOBJDIR}strlcat$U.o ${LIBOBJDIR}strlcpy$U.o'
LIBS='./../libpcap/libpcap.a   ../lib/libpfring.a -lpthread -lnuma -lrt '
LOCALSRC='print-ip6.c print-ip6opts.c print-mobility.c print-ripng.c print-icmp6.c print-frag6.c print-rt6.c print-ospf6.c print-dhcp6.c print-smb.c smbutil.c '
LTLIBOBJS=' ${LIBOBJDIR}strlcat$U.lo ${LIBOBJDIR}strlcpy$U.lo'
MAN_FILE_FORMATS='5'
MAN_MISC_INFO='7'
OBJEXT='o'
PACKAGE_BUGREPORT=''
PACKAGE_NAME=''
PACKAGE_STRING=''
PACKAGE_TARNAME=''
PACKAGE_URL=''
PACKAGE_VERSION=''
PATH_SEPARATOR=':'
PCAP_CONFIG='./../libpcap/pcap-config'
RANLIB='ranlib'
SHELL='/bin/bash'
SHLICC2=''
V_CCOPT='-O2'
V_DEFS=' -D_U_="__attribute__((unused))"'
V_GROUP='0'
V_INCLS='-I./../libpcap  -I$(srcdir)/missing'
V_PCAPDEP='./../libpcap/libpcap.a'
ac_ct_CC='gcc'
bindir='${exec_prefix}/bin'
build='x86_64-unknown-linux-gnu'
build_alias=''
build_cpu='x86_64'
build_os='linux-gnu'
build_vendor='unknown'
datadir='${datarootdir}'
datarootdir='${prefix}/share'
docdir='${datarootdir}/doc/${PACKAGE}'
dvidir='${docdir}'
exec_prefix='${prefix}'
host='x86_64-unknown-linux-gnu'
host_alias=''
host_cpu='x86_64'
host_os='linux-gnu'
host_vendor='unknown'
htmldir='${docdir}'
includedir='${prefix}/include'
infodir='${datarootdir}/info'
libdir='${exec_prefix}/lib'
libexecdir='${exec_prefix}/libexec'
localedir='${datarootdir}/locale'
localstatedir='${prefix}/var'
mandir='${datarootdir}/man'
oldincludedir='/usr/include'
pdfdir='${docdir}'
prefix='/usr/local'
program_transform_name='s,x,x,'
psdir='${docdir}'
sbindir='${exec_prefix}/sbin'
sharedstatedir='${prefix}/com'
sysconfdir='${prefix}/etc'
target_alias=''

## ----------- ##
## confdefs.h. ##
## ----------- ##

/* confdefs.h */
#define PACKAGE_NAME ""
#define PACKAGE_TARNAME ""
#define PACKAGE_VERSION ""
#define PACKAGE_STRING ""
#define PACKAGE_BUGREPORT ""
#define PACKAGE_URL ""
#define inline inline
#define HAVE___ATTRIBUTE__ 1
#define __ATTRIBUTE___FORMAT_OK_FOR_FUNCTION_POINTERS 1
#define STDC_HEADERS 1
#define HAVE_SYS_TYPES_H 1
#define HAVE_SYS_STAT_H 1
#define HAVE_STDLIB_H 1
#define HAVE_STRING_H 1
#define HAVE_MEMORY_H 1
#define HAVE_STRINGS_H 1
#define HAVE_INTTYPES_H 1
#define HAVE_STDINT_H 1
#define HAVE_UNISTD_H 1
#define HAVE_FCNTL_H 1
#define HAVE_NETINET_IF_ETHER_H 1
#define TIME_WITH_SYS_TIME 1
#define TCPDUMP_DO_SMB 1
#define INET6 1
#define HAVE_GETNAMEINFO 1
#define SIZEOF_CHAR 1
#define SIZEOF_SHORT 2
#define SIZEOF_INT 4
#define SIZEOF_LONG 8
#define SIZEOF_LONG_LONG 8
#define HAVE_ADDRINFO 1
#define HAVE_SOCKADDR_STORAGE 1
#define HAVE_INADDRSZ 1
#define HAVE_IN6ADDRSZ 1
#define HAVE_RES_USE_INET6 1
#define HAVE_VFPRINTF 1
#define HAVE_STRCASECMP 1
#define HAVE_STRDUP 1
#define HAVE_STRSEP 1
#define HAVE_STRFTIME 1
#define HAVE_SETLINEBUF 1
#define HAVE_ALARM 1
#define HAVE_VSNPRINTF 1
#define HAVE_SNPRINTF 1
#define RETSIGTYPE void
#define RETSIGVAL /**/
#define HAVE_SIGACTION 1
#define HAVE_GETRPCBYNUMBER 1
#define HAVE_PCAP_LIST_DATALINKS 1
#define HAVE_PCAP_SET_DATALINK 1
#define HAVE_PCAP_DATALINK_NAME_TO_VAL 1
#define HAVE_PCAP_DATALINK_VAL_TO_DESCRIPTION 1
#define HAVE_PCAP_BREAKLOOP 1
#define HAVE_PCAP_DUMP_FTELL 1
#define HAVE_ETHER_NTOHOST 1
#define USE_ETHER_NTOHOST 1
#define HAVE_NETINET_ETHER_H 1
#define NETINET_ETHER_H_DECLARES_ETHER_NTOHOST /**/
#define HAVE_DECL_ETHER_NTOHOST 1
#define HAVE_PCAP_CREATE 1
#define HAVE_PCAP_FINDALLDEVS 1
#define HAVE_PCAP_DUMP_FLUSH 1
#define HAVE_PCAP_LIB_VERSION 1
#define HAVE_PCAP_IF_T 1
#define HAVE_YYDEBUG 1
#define HAVE_BPF_DUMP 1
#define HAVE_PCAP_BLUETOOTH_H 1
#define HAVE_PCAP_USB_H 1
#define HAVE_SYS_BITYPES_H 1
#define HAVE_INTTYPES_H 1
#define HAVE_H_ERRNO 1

configure: exit 0
